[ 20%] [32mBuilding CXX object CMakeFiles/stereo_combined_node.dir/src/StereoCombined.cpp.o[0m
[01m[K/home/corelab/GitHub/CatchingBlimp/Summer2023/ros2_stereo/src/stereo_combined/src/StereoCombined.cpp:[m[K In member function â€˜[01m[Kvoid StereoCombined::syncImageCallback(sensor_msgs::msg::Image_<std::allocator<void> >::SharedPtr)[m[Kâ€™:
[01m[K/home/corelab/GitHub/CatchingBlimp/Summer2023/ros2_stereo/src/stereo_combined/src/StereoCombined.cpp:736:25:[m[K [01;31m[Kerror: [m[Kâ€˜[01m[Kusing element_type = class rclcpp::Publisher<stereo_msgs::msg::DisparityImage_<std::allocator<void> > >[m[Kâ€™ {aka â€˜[01m[Kclass rclcpp::Publisher<stereo_msgs::msg::DisparityImage_<std::allocator<void> > >[m[Kâ€™} has no member named â€˜[01m[KgetNumSubscribers[m[Kâ€™
  736 |     if (pub_disparity_->[01;31m[KgetNumSubscribers[m[K()) pub_disparity_->publish(*disp_msg);
      |                         [01;31m[K^~~~~~~~~~~~~~~~~[m[K
[01m[K/home/corelab/GitHub/CatchingBlimp/Summer2023/ros2_stereo/src/stereo_combined/src/StereoCombined.cpp:737:29:[m[K [01;31m[Kerror: [m[Kâ€˜[01m[Kusing element_type = class rclcpp::Publisher<sensor_msgs::msg::Image_<std::allocator<void> > >[m[Kâ€™ {aka â€˜[01m[Kclass rclcpp::Publisher<sensor_msgs::msg::Image_<std::allocator<void> > >[m[Kâ€™} has no member named â€˜[01m[KgetNumSubscribers[m[Kâ€™
  737 |     if (pub_disparity_img_->[01;31m[KgetNumSubscribers[m[K()) pub_disparity_img_->publish(disp_msg->image);
      |                             [01;31m[K^~~~~~~~~~~~~~~~~[m[K
make[2]: *** [CMakeFiles/stereo_combined_node.dir/build.make:90: CMakeFiles/stereo_combined_node.dir/src/StereoCombined.cpp.o] Error 1
make[1]: *** [CMakeFiles/Makefile2:137: CMakeFiles/stereo_combined_node.dir/all] Error 2
make: *** [Makefile:146: all] Error 2
