[0.036s] Invoking command in '/home/corelab/GitHub/CatchingBlimp/Summer2023/ros2_stereo/build/stereo_combined': CMAKE_PREFIX_PATH=${CMAKE_PREFIX_PATH}:/home/corelab/Luke_ML_Blimp/ros2_tracks_ws/install/track_ros2:/opt/ros/foxy /home/corelab/.local/bin/cmake --build /home/corelab/GitHub/CatchingBlimp/Summer2023/ros2_stereo/build/stereo_combined -- -j16 -l16
[0.072s] -- Found ament_cmake: 0.9.12 (/opt/ros/foxy/share/ament_cmake/cmake)
[0.100s] -- Using PYTHON_EXECUTABLE: /usr/bin/python3
[0.344s] -- Override CMake install command with custom implementation using symlinks instead of copying resources
[0.354s] -- Found rclcpp: 2.4.3 (/opt/ros/foxy/share/rclcpp/cmake)
[0.382s] -- Using all available rosidl_typesupport_c: rosidl_typesupport_connext_c;rosidl_typesupport_fastrtps_c;rosidl_typesupport_introspection_c
[0.383s] -- Found rosidl_adapter: 1.3.1 (/opt/ros/foxy/share/rosidl_adapter/cmake)
[0.384s] -- Found RTI Connext: /opt/rti.com/rti_connext_dds-5.3.1
[0.386s] [0mCMake Deprecation Warning at /home/corelab/GitHub/CatchingBlimp/Summer2023/ros2_stereo/build/stereo_combined/connext_cmake_module/check_abi/CMakeLists.txt:15 (cmake_minimum_required):
[0.387s]   Compatibility with CMake < 2.8.12 will be removed from a future version of
[0.387s]   CMake.
[0.387s] 
[0.387s]   Update the VERSION argument <min> value or use a ...<max> suffix to tell
[0.387s]   CMake that the project does not need compatibility with older versions.
[0.387s] 
[0.387s] [0m
[0.682s] -- Using all available rosidl_typesupport_cpp: rosidl_typesupport_connext_cpp;rosidl_typesupport_fastrtps_cpp;rosidl_typesupport_introspection_cpp
[0.718s] -- Found rmw_implementation_cmake: 1.0.4 (/opt/ros/foxy/share/rmw_implementation_cmake/cmake)
[0.719s] -- Using RMW implementation 'rmw_fastrtps_cpp' as default
[0.815s] -- Found sensor_msgs: 2.0.5 (/opt/ros/foxy/share/sensor_msgs/cmake)
[0.893s] -- Found cv_bridge: 3.0.7 (/opt/ros/foxy/share/cv_bridge/cmake)
[0.912s] -- Found image_transport: 2.4.0 (/opt/ros/foxy/share/image_transport/cmake)
[0.960s] -- Found image_geometry: 3.0.7 (/opt/ros/foxy/share/image_geometry/cmake)
[0.974s] -- Found camera_info_manager: 2.4.0 (/opt/ros/foxy/share/camera_info_manager/cmake)
[0.990s] -- Setting yaml-cpp_DIR to: '/opt/ros/foxy/share/yaml_cpp_vendor/cmake/../../../opt/yaml_cpp_vendor/lib/cmake/yaml-cpp'
[1.177s] -- Configuring done
[1.190s] -- Generating done
[1.192s] -- Build files have been written to: /home/corelab/GitHub/CatchingBlimp/Summer2023/ros2_stereo/build/stereo_combined
[1.220s] [ 25%] [32mBuilding CXX object CMakeFiles/stereo_combined_node.dir/src/stereo_combined_node.cpp.o[0m
[1.220s] [ 50%] [32mBuilding CXX object CMakeFiles/stereo_combined_node.dir/src/edge_aware.cpp.o[0m
[1.220s] [ 75%] [32mBuilding CXX object CMakeFiles/stereo_combined_node.dir/src/StereoCombined.cpp.o[0m
[2.906s] In file included from [01m[K/home/corelab/GitHub/CatchingBlimp/Summer2023/ros2_stereo/src/stereo_combined/src/stereo_combined_node.cpp:3[m[K:
[2.906s] [01m[K/home/corelab/GitHub/CatchingBlimp/Summer2023/ros2_stereo/src/stereo_combined/include/StereoCombined.hpp:38:5:[m[K [01;31m[Kerror: [m[Kâ€˜[01m[Kimage_transport[m[Kâ€™ does not name a type
[2.906s]    38 |     [01;31m[Kimage_transport[m[K::Publisher pub_mono_;
[2.906s]       |     [01;31m[K^~~~~~~~~~~~~~~[m[K
[2.910s] [01m[K/home/corelab/GitHub/CatchingBlimp/Summer2023/ros2_stereo/src/stereo_combined/include/StereoCombined.hpp:39:5:[m[K [01;31m[Kerror: [m[Kâ€˜[01m[Kimage_transport[m[Kâ€™ does not name a type
[2.910s]    39 |     [01;31m[Kimage_transport[m[K::Publisher pub_color_;
[2.910s]       |     [01;31m[K^~~~~~~~~~~~~~~[m[K
[2.949s] In file included from [01m[K/home/corelab/GitHub/CatchingBlimp/Summer2023/ros2_stereo/src/stereo_combined/src/StereoCombined.cpp:1[m[K:
[2.950s] [01m[K/home/corelab/GitHub/CatchingBlimp/Summer2023/ros2_stereo/src/stereo_combined/include/StereoCombined.hpp:38:5:[m[K [01;31m[Kerror: [m[Kâ€˜[01m[Kimage_transport[m[Kâ€™ does not name a type
[2.950s]    38 |     [01;31m[Kimage_transport[m[K::Publisher pub_mono_;
[2.950s]       |     [01;31m[K^~~~~~~~~~~~~~~[m[K
[2.953s] [01m[K/home/corelab/GitHub/CatchingBlimp/Summer2023/ros2_stereo/src/stereo_combined/include/StereoCombined.hpp:39:5:[m[K [01;31m[Kerror: [m[Kâ€˜[01m[Kimage_transport[m[Kâ€™ does not name a type
[2.953s]    39 |     [01;31m[Kimage_transport[m[K::Publisher pub_color_;
[2.953s]       |     [01;31m[K^~~~~~~~~~~~~~~[m[K
[2.967s] [01m[K/home/corelab/GitHub/CatchingBlimp/Summer2023/ros2_stereo/src/stereo_combined/src/StereoCombined.cpp:[m[K In constructor â€˜[01m[KStereoCombined::StereoCombined()[m[Kâ€™:
[2.967s] [01m[K/home/corelab/GitHub/CatchingBlimp/Summer2023/ros2_stereo/src/stereo_combined/src/StereoCombined.cpp:37:2:[m[K [01;31m[Kerror: [m[Kâ€˜[01m[Kpub_mono_[m[Kâ€™ was not declared in this scope
[2.967s]    37 |  [01;31m[Kpub_mono_[m[K = image_transport::create_publisher(this, "image_mono");
[2.967s]       |  [01;31m[K^~~~~~~~~[m[K
[2.967s] [01m[K/home/corelab/GitHub/CatchingBlimp/Summer2023/ros2_stereo/src/stereo_combined/src/StereoCombined.cpp:37:14:[m[K [01;31m[Kerror: [m[Kâ€˜[01m[Kimage_transport[m[Kâ€™ has not been declared
[2.967s]    37 |  pub_mono_ = [01;31m[Kimage_transport[m[K::create_publisher(this, "image_mono");
[2.967s]       |              [01;31m[K^~~~~~~~~~~~~~~[m[K
[2.970s] [01m[K/home/corelab/GitHub/CatchingBlimp/Summer2023/ros2_stereo/src/stereo_combined/src/StereoCombined.cpp:38:2:[m[K [01;31m[Kerror: [m[Kâ€˜[01m[Kpub_color_[m[Kâ€™ was not declared in this scope
[2.970s]    38 |  [01;31m[Kpub_color_[m[K = image_transport::create_publisher(this, "image_color");
[2.970s]       |  [01;31m[K^~~~~~~~~~[m[K
[2.970s] [01m[K/home/corelab/GitHub/CatchingBlimp/Summer2023/ros2_stereo/src/stereo_combined/src/StereoCombined.cpp:38:15:[m[K [01;31m[Kerror: [m[Kâ€˜[01m[Kimage_transport[m[Kâ€™ has not been declared
[2.970s]    38 |  pub_color_ = [01;31m[Kimage_transport[m[K::create_publisher(this, "image_color");
[2.970s]       |               [01;31m[K^~~~~~~~~~~~~~~[m[K
[3.388s] make[2]: *** [CMakeFiles/stereo_combined_node.dir/build.make:76: CMakeFiles/stereo_combined_node.dir/src/stereo_combined_node.cpp.o] Error 1
[3.388s] make[2]: *** Waiting for unfinished jobs....
[4.358s] make[2]: *** [CMakeFiles/stereo_combined_node.dir/build.make:90: CMakeFiles/stereo_combined_node.dir/src/StereoCombined.cpp.o] Error 1
[4.358s] make[1]: *** [CMakeFiles/Makefile2:137: CMakeFiles/stereo_combined_node.dir/all] Error 2
[4.358s] make: *** [Makefile:146: all] Error 2
[4.362s] Invoked command in '/home/corelab/GitHub/CatchingBlimp/Summer2023/ros2_stereo/build/stereo_combined' returned '2': CMAKE_PREFIX_PATH=${CMAKE_PREFIX_PATH}:/home/corelab/Luke_ML_Blimp/ros2_tracks_ws/install/track_ros2:/opt/ros/foxy /home/corelab/.local/bin/cmake --build /home/corelab/GitHub/CatchingBlimp/Summer2023/ros2_stereo/build/stereo_combined -- -j16 -l16
