[01m[K/home/corelab-laptop2/GitHub/CatchingBlimp/Summer2023/ROS_tf2_test/src/blimp_telemetry/src/static_telemetry_node.cpp:53:15:[m[K [01;35m[Kwarning: [m[Kmissing terminating " character
   53 |       logger, [01;35m[K"[m[KInvalid number of parameters
      |               [01;35m[K^[m[K
[01m[K/home/corelab-laptop2/GitHub/CatchingBlimp/Summer2023/ROS_tf2_test/src/blimp_telemetry/src/static_telemetry_node.cpp:54:16:[m[K [01;35m[Kwarning: [m[Kmissing terminating " character
   54 |       \nusage: [01;35m[K"[m[K
      |                [01;35m[K^[m[K
In file included from [01m[K/opt/ros/foxy/include/rclcpp/client.hpp:40[m[K,
                 from [01m[K/opt/ros/foxy/include/rclcpp/callback_group.hpp:23[m[K,
                 from [01m[K/opt/ros/foxy/include/rclcpp/any_executable.hpp:20[m[K,
                 from [01m[K/opt/ros/foxy/include/rclcpp/memory_strategy.hpp:24[m[K,
                 from [01m[K/opt/ros/foxy/include/rclcpp/memory_strategies.hpp:18[m[K,
                 from [01m[K/opt/ros/foxy/include/rclcpp/executor_options.hpp:20[m[K,
                 from [01m[K/opt/ros/foxy/include/rclcpp/executor.hpp:33[m[K,
                 from [01m[K/opt/ros/foxy/include/rclcpp/executors/multi_threaded_executor.hpp:26[m[K,
                 from [01m[K/opt/ros/foxy/include/rclcpp/executors.hpp:21[m[K,
                 from [01m[K/opt/ros/foxy/include/rclcpp/rclcpp.hpp:146[m[K,
                 from [01m[K/home/corelab-laptop2/GitHub/CatchingBlimp/Summer2023/ROS_tf2_test/src/blimp_telemetry/src/static_telemetry_node.cpp:4[m[K:
[01m[K/home/corelab-laptop2/GitHub/CatchingBlimp/Summer2023/ROS_tf2_test/src/blimp_telemetry/src/static_telemetry_node.cpp:53:15:[m[K [01;31m[Kerror: [m[Kmissing terminating " character
   53 |       logger, [01;31m[K"Invalid number of parameters[m[K
      |               [01;31m[K^~~~~~~~~~~~~~~~~~~~~~~~~~~~~[m[K
[01m[K/home/corelab-laptop2/GitHub/CatchingBlimp/Summer2023/ROS_tf2_test/src/blimp_telemetry/src/static_telemetry_node.cpp:54:7:[m[K [01;31m[Kerror: [m[Kstray â€˜[01m[K\[m[Kâ€™ in program
   54 |       [01;31m[K\[m[Knusage: "
      |       [01;31m[K^[m[K
[01m[K/home/corelab-laptop2/GitHub/CatchingBlimp/Summer2023/ROS_tf2_test/src/blimp_telemetry/src/static_telemetry_node.cpp:54:16:[m[K [01;31m[Kerror: [m[Kmissing terminating " character
   54 |       \nusage: [01;31m[K"[m[K
      |                [01;31m[K^[m[K
[01m[K/home/corelab-laptop2/GitHub/CatchingBlimp/Summer2023/ROS_tf2_test/src/blimp_telemetry/src/static_telemetry_node.cpp:[m[K In function â€˜[01m[Kint main(int, char**)[m[Kâ€™:
[01m[K/home/corelab-laptop2/GitHub/CatchingBlimp/Summer2023/ROS_tf2_test/src/blimp_telemetry/src/static_telemetry_node.cpp:54:8:[m[K [01;31m[Kerror: [m[Kâ€˜[01m[Knusage[m[Kâ€™ was not declared in this scope
   54 |       \[01;31m[Knusage[m[K: "
      |        [01;31m[K^~~~~~[m[K
make[2]: *** [CMakeFiles/static_telemetry_node.dir/build.make:63: CMakeFiles/static_telemetry_node.dir/src/static_telemetry_node.cpp.o] Error 1
make[1]: *** [CMakeFiles/Makefile2:80: CMakeFiles/static_telemetry_node.dir/all] Error 2
make[1]: *** Waiting for unfinished jobs....
make: *** [Makefile:141: all] Error 2
