-- The C compiler identification is GNU 9.4.0
-- The CXX compiler identification is GNU 9.4.0
-- Check for working C compiler: /usr/bin/cc
-- Check for working C compiler: /usr/bin/cc -- works
-- Detecting C compiler ABI info
-- Detecting C compiler ABI info - done
-- Detecting C compile features
-- Detecting C compile features - done
-- Check for working CXX compiler: /usr/bin/c++
-- Check for working CXX compiler: /usr/bin/c++ -- works
-- Detecting CXX compiler ABI info
-- Detecting CXX compiler ABI info - done
-- Detecting CXX compile features
-- Detecting CXX compile features - done
-- Found ament_cmake: 0.9.11 (/opt/ros/foxy/share/ament_cmake/cmake)
-- Found PythonInterp: /usr/bin/python3 (found suitable version "3.8.10", minimum required is "3") 
-- Using PYTHON_EXECUTABLE: /usr/bin/python3
-- Found rclcpp: 2.4.2 (/opt/ros/foxy/share/rclcpp/cmake)
-- Using all available rosidl_typesupport_c: rosidl_typesupport_fastrtps_c;rosidl_typesupport_introspection_c
-- Found rosidl_adapter: 1.3.0 (/opt/ros/foxy/share/rosidl_adapter/cmake)
-- Found OpenSSL: /usr/lib/x86_64-linux-gnu/libcrypto.so (found version "1.1.1f")  
-- Found FastRTPS: /opt/ros/foxy/include  
-- Using all available rosidl_typesupport_cpp: rosidl_typesupport_fastrtps_cpp;rosidl_typesupport_introspection_cpp
-- Found rmw_implementation_cmake: 1.0.4 (/opt/ros/foxy/share/rmw_implementation_cmake/cmake)
-- Using RMW implementation 'rmw_fastrtps_cpp' as default
-- Looking for pthread.h
-- Looking for pthread.h - found
-- Performing Test CMAKE_HAVE_LIBC_PTHREAD
-- Performing Test CMAKE_HAVE_LIBC_PTHREAD - Failed
-- Looking for pthread_create in pthreads
-- Looking for pthread_create in pthreads - not found
-- Looking for pthread_create in pthread
-- Looking for pthread_create in pthread - found
-- Found Threads: TRUE  
-- Found sensor_msgs: 2.0.5 (/opt/ros/foxy/share/sensor_msgs/cmake)
-- Found tf2: 0.13.14 (/opt/ros/foxy/share/tf2/cmake)
-- Found tf2_ros: 0.13.14 (/opt/ros/foxy/share/tf2_ros/cmake)
-- Configuring done
-- Generating done
-- Build files have been written to: /home/corelab-laptop2/GitHub/CatchingBlimp/Summer2023/ROS_tf2_test/build/blimp_telemetry
[35m[1mScanning dependencies of target static_telemetry_node[0m
[35m[1mScanning dependencies of target blimp_telemetry_node[0m
[ 50%] [32mBuilding CXX object CMakeFiles/static_telemetry_node.dir/src/static_telemetry_node.cpp.o[0m
[ 50%] [32mBuilding CXX object CMakeFiles/blimp_telemetry_node.dir/src/blimp_telemetry_node.cpp.o[0m
[01m[K/home/corelab-laptop2/GitHub/CatchingBlimp/Summer2023/ROS_tf2_test/src/blimp_telemetry/src/static_telemetry_node.cpp:53:15:[m[K [01;35m[Kwarning: [m[Kmissing terminating " character
   53 |       logger, [01;35m[K"[m[KInvalid number of parameters
      |               [01;35m[K^[m[K
[01m[K/home/corelab-laptop2/GitHub/CatchingBlimp/Summer2023/ROS_tf2_test/src/blimp_telemetry/src/static_telemetry_node.cpp:54:16:[m[K [01;35m[Kwarning: [m[Kmissing terminating " character
   54 |       \nusage: [01;35m[K"[m[K
      |                [01;35m[K^[m[K
In file included from [01m[K/opt/ros/foxy/include/rclcpp/client.hpp:40[m[K,
                 from [01m[K/opt/ros/foxy/include/rclcpp/callback_group.hpp:23[m[K,
                 from [01m[K/opt/ros/foxy/include/rclcpp/any_executable.hpp:20[m[K,
                 from [01m[K/opt/ros/foxy/include/rclcpp/memory_strategy.hpp:24[m[K,
                 from [01m[K/opt/ros/foxy/include/rclcpp/memory_strategies.hpp:18[m[K,
                 from [01m[K/opt/ros/foxy/include/rclcpp/executor_options.hpp:20[m[K,
                 from [01m[K/opt/ros/foxy/include/rclcpp/executor.hpp:33[m[K,
                 from [01m[K/opt/ros/foxy/include/rclcpp/executors/multi_threaded_executor.hpp:26[m[K,
                 from [01m[K/opt/ros/foxy/include/rclcpp/executors.hpp:21[m[K,
                 from [01m[K/opt/ros/foxy/include/rclcpp/rclcpp.hpp:146[m[K,
                 from [01m[K/home/corelab-laptop2/GitHub/CatchingBlimp/Summer2023/ROS_tf2_test/src/blimp_telemetry/src/static_telemetry_node.cpp:4[m[K:
[01m[K/home/corelab-laptop2/GitHub/CatchingBlimp/Summer2023/ROS_tf2_test/src/blimp_telemetry/src/static_telemetry_node.cpp:53:15:[m[K [01;31m[Kerror: [m[Kmissing terminating " character
   53 |       logger, [01;31m[K"Invalid number of parameters[m[K
      |               [01;31m[K^~~~~~~~~~~~~~~~~~~~~~~~~~~~~[m[K
[01m[K/home/corelab-laptop2/GitHub/CatchingBlimp/Summer2023/ROS_tf2_test/src/blimp_telemetry/src/static_telemetry_node.cpp:54:7:[m[K [01;31m[Kerror: [m[Kstray â€˜[01m[K\[m[Kâ€™ in program
   54 |       [01;31m[K\[m[Knusage: "
      |       [01;31m[K^[m[K
[01m[K/home/corelab-laptop2/GitHub/CatchingBlimp/Summer2023/ROS_tf2_test/src/blimp_telemetry/src/static_telemetry_node.cpp:54:16:[m[K [01;31m[Kerror: [m[Kmissing terminating " character
   54 |       \nusage: [01;31m[K"[m[K
      |                [01;31m[K^[m[K
[01m[K/home/corelab-laptop2/GitHub/CatchingBlimp/Summer2023/ROS_tf2_test/src/blimp_telemetry/src/static_telemetry_node.cpp:[m[K In function â€˜[01m[Kint main(int, char**)[m[Kâ€™:
[01m[K/home/corelab-laptop2/GitHub/CatchingBlimp/Summer2023/ROS_tf2_test/src/blimp_telemetry/src/static_telemetry_node.cpp:54:8:[m[K [01;31m[Kerror: [m[Kâ€˜[01m[Knusage[m[Kâ€™ was not declared in this scope
   54 |       \[01;31m[Knusage[m[K: "
      |        [01;31m[K^~~~~~[m[K
make[2]: *** [CMakeFiles/static_telemetry_node.dir/build.make:63: CMakeFiles/static_telemetry_node.dir/src/static_telemetry_node.cpp.o] Error 1
make[1]: *** [CMakeFiles/Makefile2:80: CMakeFiles/static_telemetry_node.dir/all] Error 2
make[1]: *** Waiting for unfinished jobs....
[ 75%] [32m[1mLinking CXX executable blimp_telemetry_node[0m
[ 75%] Built target blimp_telemetry_node
make: *** [Makefile:141: all] Error 2
