[0.013s] Invoking command in '/home/corelab-laptop2/GitHub/CatchingBlimp/Summer2023/ROS_tf2_test/build/blimp_telemetry': CMAKE_PREFIX_PATH=${CMAKE_PREFIX_PATH}:/opt/ros/foxy /usr/bin/cmake /home/corelab-laptop2/GitHub/CatchingBlimp/Summer2023/ROS_tf2_test/src/blimp_telemetry -DCMAKE_INSTALL_PREFIX=/home/corelab-laptop2/GitHub/CatchingBlimp/Summer2023/ROS_tf2_test/install/blimp_telemetry
[0.060s] -- The C compiler identification is GNU 9.4.0
[0.114s] -- The CXX compiler identification is GNU 9.4.0
[0.120s] -- Check for working C compiler: /usr/bin/cc
[0.170s] -- Check for working C compiler: /usr/bin/cc -- works
[0.170s] -- Detecting C compiler ABI info
[0.218s] -- Detecting C compiler ABI info - done
[0.226s] -- Detecting C compile features
[0.226s] -- Detecting C compile features - done
[0.228s] -- Check for working CXX compiler: /usr/bin/c++
[0.282s] -- Check for working CXX compiler: /usr/bin/c++ -- works
[0.283s] -- Detecting CXX compiler ABI info
[0.342s] -- Detecting CXX compiler ABI info - done
[0.350s] -- Detecting CXX compile features
[0.350s] -- Detecting CXX compile features - done
[0.352s] -- Found ament_cmake: 0.9.11 (/opt/ros/foxy/share/ament_cmake/cmake)
[0.372s] -- Found PythonInterp: /usr/bin/python3 (found suitable version "3.8.10", minimum required is "3") 
[0.372s] -- Using PYTHON_EXECUTABLE: /usr/bin/python3
[0.522s] -- Found rclcpp: 2.4.2 (/opt/ros/foxy/share/rclcpp/cmake)
[0.554s] -- Using all available rosidl_typesupport_c: rosidl_typesupport_fastrtps_c;rosidl_typesupport_introspection_c
[0.560s] -- Found rosidl_adapter: 1.3.0 (/opt/ros/foxy/share/rosidl_adapter/cmake)
[0.614s] -- Found OpenSSL: /usr/lib/x86_64-linux-gnu/libcrypto.so (found version "1.1.1f")  
[0.634s] -- Found FastRTPS: /opt/ros/foxy/include  
[0.690s] -- Using all available rosidl_typesupport_cpp: rosidl_typesupport_fastrtps_cpp;rosidl_typesupport_introspection_cpp
[0.726s] -- Found rmw_implementation_cmake: 1.0.4 (/opt/ros/foxy/share/rmw_implementation_cmake/cmake)
[0.727s] -- Using RMW implementation 'rmw_fastrtps_cpp' as default
[0.727s] -- Looking for pthread.h
[0.776s] -- Looking for pthread.h - found
[0.776s] -- Performing Test CMAKE_HAVE_LIBC_PTHREAD
[0.830s] -- Performing Test CMAKE_HAVE_LIBC_PTHREAD - Failed
[0.830s] -- Looking for pthread_create in pthreads
[0.874s] -- Looking for pthread_create in pthreads - not found
[0.874s] -- Looking for pthread_create in pthread
[0.926s] -- Looking for pthread_create in pthread - found
[0.927s] -- Found Threads: TRUE  
[1.030s] -- Found sensor_msgs: 2.0.5 (/opt/ros/foxy/share/sensor_msgs/cmake)
[1.110s] -- Found tf2: 0.13.14 (/opt/ros/foxy/share/tf2/cmake)
[1.118s] -- Found tf2_ros: 0.13.14 (/opt/ros/foxy/share/tf2_ros/cmake)
[1.418s] -- Configuring done
[1.433s] -- Generating done
[1.435s] -- Build files have been written to: /home/corelab-laptop2/GitHub/CatchingBlimp/Summer2023/ROS_tf2_test/build/blimp_telemetry
[1.444s] Invoked command in '/home/corelab-laptop2/GitHub/CatchingBlimp/Summer2023/ROS_tf2_test/build/blimp_telemetry' returned '0': CMAKE_PREFIX_PATH=${CMAKE_PREFIX_PATH}:/opt/ros/foxy /usr/bin/cmake /home/corelab-laptop2/GitHub/CatchingBlimp/Summer2023/ROS_tf2_test/src/blimp_telemetry -DCMAKE_INSTALL_PREFIX=/home/corelab-laptop2/GitHub/CatchingBlimp/Summer2023/ROS_tf2_test/install/blimp_telemetry
[1.446s] Invoking command in '/home/corelab-laptop2/GitHub/CatchingBlimp/Summer2023/ROS_tf2_test/build/blimp_telemetry': CMAKE_PREFIX_PATH=${CMAKE_PREFIX_PATH}:/opt/ros/foxy /usr/bin/cmake --build /home/corelab-laptop2/GitHub/CatchingBlimp/Summer2023/ROS_tf2_test/build/blimp_telemetry -- -j8 -l8
[1.474s] [35m[1mScanning dependencies of target static_telemetry_node[0m
[1.474s] [35m[1mScanning dependencies of target blimp_telemetry_node[0m
[1.562s] [ 50%] [32mBuilding CXX object CMakeFiles/static_telemetry_node.dir/src/static_telemetry_node.cpp.o[0m
[1.562s] [ 50%] [32mBuilding CXX object CMakeFiles/blimp_telemetry_node.dir/src/blimp_telemetry_node.cpp.o[0m
[1.670s] [01m[K/home/corelab-laptop2/GitHub/CatchingBlimp/Summer2023/ROS_tf2_test/src/blimp_telemetry/src/static_telemetry_node.cpp:53:15:[m[K [01;35m[Kwarning: [m[Kmissing terminating " character
[1.670s]    53 |       logger, [01;35m[K"[m[KInvalid number of parameters
[1.670s]       |               [01;35m[K^[m[K
[1.670s] [01m[K/home/corelab-laptop2/GitHub/CatchingBlimp/Summer2023/ROS_tf2_test/src/blimp_telemetry/src/static_telemetry_node.cpp:54:16:[m[K [01;35m[Kwarning: [m[Kmissing terminating " character
[1.670s]    54 |       \nusage: [01;35m[K"[m[K
[1.670s]       |                [01;35m[K^[m[K
[1.670s] In file included from [01m[K/opt/ros/foxy/include/rclcpp/client.hpp:40[m[K,
[1.671s]                  from [01m[K/opt/ros/foxy/include/rclcpp/callback_group.hpp:23[m[K,
[1.671s]                  from [01m[K/opt/ros/foxy/include/rclcpp/any_executable.hpp:20[m[K,
[1.671s]                  from [01m[K/opt/ros/foxy/include/rclcpp/memory_strategy.hpp:24[m[K,
[1.671s]                  from [01m[K/opt/ros/foxy/include/rclcpp/memory_strategies.hpp:18[m[K,
[1.671s]                  from [01m[K/opt/ros/foxy/include/rclcpp/executor_options.hpp:20[m[K,
[1.671s]                  from [01m[K/opt/ros/foxy/include/rclcpp/executor.hpp:33[m[K,
[1.671s]                  from [01m[K/opt/ros/foxy/include/rclcpp/executors/multi_threaded_executor.hpp:26[m[K,
[1.671s]                  from [01m[K/opt/ros/foxy/include/rclcpp/executors.hpp:21[m[K,
[1.671s]                  from [01m[K/opt/ros/foxy/include/rclcpp/rclcpp.hpp:146[m[K,
[1.671s]                  from [01m[K/home/corelab-laptop2/GitHub/CatchingBlimp/Summer2023/ROS_tf2_test/src/blimp_telemetry/src/static_telemetry_node.cpp:4[m[K:
[1.671s] [01m[K/home/corelab-laptop2/GitHub/CatchingBlimp/Summer2023/ROS_tf2_test/src/blimp_telemetry/src/static_telemetry_node.cpp:53:15:[m[K [01;31m[Kerror: [m[Kmissing terminating " character
[1.671s]    53 |       logger, [01;31m[K"Invalid number of parameters[m[K
[1.671s]       |               [01;31m[K^~~~~~~~~~~~~~~~~~~~~~~~~~~~~[m[K
[1.672s] [01m[K/home/corelab-laptop2/GitHub/CatchingBlimp/Summer2023/ROS_tf2_test/src/blimp_telemetry/src/static_telemetry_node.cpp:54:7:[m[K [01;31m[Kerror: [m[Kstray â€˜[01m[K\[m[Kâ€™ in program
[1.672s]    54 |       [01;31m[K\[m[Knusage: "
[1.672s]       |       [01;31m[K^[m[K
[1.672s] [01m[K/home/corelab-laptop2/GitHub/CatchingBlimp/Summer2023/ROS_tf2_test/src/blimp_telemetry/src/static_telemetry_node.cpp:54:16:[m[K [01;31m[Kerror: [m[Kmissing terminating " character
[1.672s]    54 |       \nusage: [01;31m[K"[m[K
[1.672s]       |                [01;31m[K^[m[K
[2.597s] [01m[K/home/corelab-laptop2/GitHub/CatchingBlimp/Summer2023/ROS_tf2_test/src/blimp_telemetry/src/static_telemetry_node.cpp:[m[K In function â€˜[01m[Kint main(int, char**)[m[Kâ€™:
[2.597s] [01m[K/home/corelab-laptop2/GitHub/CatchingBlimp/Summer2023/ROS_tf2_test/src/blimp_telemetry/src/static_telemetry_node.cpp:54:8:[m[K [01;31m[Kerror: [m[Kâ€˜[01m[Knusage[m[Kâ€™ was not declared in this scope
[2.597s]    54 |       \[01;31m[Knusage[m[K: "
[2.597s]       |        [01;31m[K^~~~~~[m[K
[3.205s] make[2]: *** [CMakeFiles/static_telemetry_node.dir/build.make:63: CMakeFiles/static_telemetry_node.dir/src/static_telemetry_node.cpp.o] Error 1
[3.205s] make[1]: *** [CMakeFiles/Makefile2:80: CMakeFiles/static_telemetry_node.dir/all] Error 2
[3.205s] make[1]: *** Waiting for unfinished jobs....
[5.278s] [ 75%] [32m[1mLinking CXX executable blimp_telemetry_node[0m
[5.508s] [ 75%] Built target blimp_telemetry_node
[5.508s] make: *** [Makefile:141: all] Error 2
[5.510s] Invoked command in '/home/corelab-laptop2/GitHub/CatchingBlimp/Summer2023/ROS_tf2_test/build/blimp_telemetry' returned '2': CMAKE_PREFIX_PATH=${CMAKE_PREFIX_PATH}:/opt/ros/foxy /usr/bin/cmake --build /home/corelab-laptop2/GitHub/CatchingBlimp/Summer2023/ROS_tf2_test/build/blimp_telemetry -- -j8 -l8
