<?xml version="1.0" encoding="UTF-8"?>
<Site BuildName="(empty)"
	BuildStamp="20230820-2128-Experimental"
	Name="corelab-steve"
	Generator="ctest-3.25.0"
	CompilerName="/usr/bin/g++"
	CompilerVersion="9.4.0"
	OSName="Linux"
	Hostname="corelab-steve"
	OSRelease="5.15.0-79-generic"
	OSVersion="#86~20.04.2-Ubuntu SMP Mon Jul 17 23:27:17 UTC 2023"
	OSPlatform="x86_64"
	Is64Bits="1"
	VendorString="GenuineIntel"
	VendorID="Intel Corporation"
	FamilyID="6"
	ModelID="167"
	ProcessorCacheSize="16384"
	NumberOfLogicalCPU="16"
	NumberOfPhysicalCPU="8"
	TotalVirtualMemory="2047"
	TotalPhysicalMemory="128638"
	LogicalProcessorsPerPhysical="2"
	ProcessorClockFrequency="4800"
	>
	<Testing>
		<StartDateTime>Aug 20 17:28 EDT</StartDateTime>
		<StartTestTime>1692566894</StartTestTime>
		<TestList/>
		<EndDateTime>Aug 20 17:28 EDT</EndDateTime>
		<EndTestTime>1692566894</EndTestTime>
		<ElapsedMinutes>0</ElapsedMinutes>
	</Testing>
</Site>
