[ 25%] [32mBuilding CXX object CMakeFiles/stereo_combined_node.dir/src/StereoCombined.cpp.o[0m
In file included from [01m[K/opt/ros/foxy/include/rclcpp/client.hpp:40[m[K,
                 from [01m[K/opt/ros/foxy/include/rclcpp/callback_group.hpp:23[m[K,
                 from [01m[K/opt/ros/foxy/include/rclcpp/any_executable.hpp:20[m[K,
                 from [01m[K/opt/ros/foxy/include/rclcpp/memory_strategy.hpp:24[m[K,
                 from [01m[K/opt/ros/foxy/include/rclcpp/memory_strategies.hpp:18[m[K,
                 from [01m[K/opt/ros/foxy/include/rclcpp/executor_options.hpp:20[m[K,
                 from [01m[K/opt/ros/foxy/include/rclcpp/executor.hpp:33[m[K,
                 from [01m[K/opt/ros/foxy/include/rclcpp/executors/multi_threaded_executor.hpp:26[m[K,
                 from [01m[K/opt/ros/foxy/include/rclcpp/executors.hpp:21[m[K,
                 from [01m[K/opt/ros/foxy/include/rclcpp/rclcpp.hpp:146[m[K,
                 from [01m[K/home/corelab/GitHub/CatchingBlimp/Summer2023/ros2_stereo/src/stereo_combined/include/StereoCombined.hpp:6[m[K,
                 from [01m[K/home/corelab/GitHub/CatchingBlimp/Summer2023/ros2_stereo/src/stereo_combined/src/StereoCombined.cpp:1[m[K:
[01m[K/home/corelab/GitHub/CatchingBlimp/Summer2023/ros2_stereo/src/stereo_combined/src/StereoCombined.cpp:[m[K In member function â€˜[01m[Kvoid StereoCombined::syncImageCallback(sensor_msgs::msg::Image_<std::allocator<void> >::SharedPtr)[m[Kâ€™:
[01m[K/home/corelab/GitHub/CatchingBlimp/Summer2023/ros2_stereo/src/stereo_combined/src/StereoCombined.cpp:126:9:[m[K [01;31m[Kerror: [m[Kâ€˜[01m[Ksub_raw_[m[Kâ€™ was not declared in this scope
  126 |         [01;31m[Ksub_raw_[m[K.getTopic().c_str(), bit_depth);
      |         [01;31m[K^~~~~~~~[m[K
[01m[K/home/corelab/GitHub/CatchingBlimp/Summer2023/ros2_stereo/src/stereo_combined/src/StereoCombined.cpp:197:9:[m[K [01;31m[Kerror: [m[Kâ€˜[01m[KdebayerEdgeAware[m[Kâ€™ was not declared in this scope; did you mean â€˜[01m[Kimage_proc::debayerEdgeAware[m[Kâ€™?
  197 |         [01;31m[KdebayerEdgeAware[m[K(bayer, color);
      |         [01;31m[K^~~~~~~~~~~~~~~~[m[K
      |         [32m[Kimage_proc::debayerEdgeAware[m[K
In file included from [01m[K/home/corelab/GitHub/CatchingBlimp/Summer2023/ros2_stereo/src/stereo_combined/include/StereoCombined.hpp:20[m[K,
                 from [01m[K/home/corelab/GitHub/CatchingBlimp/Summer2023/ros2_stereo/src/stereo_combined/src/StereoCombined.cpp:1[m[K:
[01m[K/home/corelab/GitHub/CatchingBlimp/Summer2023/ros2_stereo/src/stereo_combined/include/edge_aware.hpp:43:6:[m[K [01;36m[Knote: [m[Kâ€˜[01m[Kimage_proc::debayerEdgeAware[m[Kâ€™ declared here
   43 | void [01;36m[KdebayerEdgeAware[m[K(const cv::Mat & bayer, cv::Mat & color);
      |      [01;36m[K^~~~~~~~~~~~~~~~[m[K
[01m[K/home/corelab/GitHub/CatchingBlimp/Summer2023/ros2_stereo/src/stereo_combined/src/StereoCombined.cpp:199:9:[m[K [01;31m[Kerror: [m[Kâ€˜[01m[KdebayerEdgeAwareWeighted[m[Kâ€™ was not declared in this scope; did you mean â€˜[01m[Kimage_proc::debayerEdgeAwareWeighted[m[Kâ€™?
  199 |         [01;31m[KdebayerEdgeAwareWeighted[m[K(bayer, color);
      |         [01;31m[K^~~~~~~~~~~~~~~~~~~~~~~~[m[K
      |         [32m[Kimage_proc::debayerEdgeAwareWeighted[m[K
In file included from [01m[K/home/corelab/GitHub/CatchingBlimp/Summer2023/ros2_stereo/src/stereo_combined/include/StereoCombined.hpp:20[m[K,
                 from [01m[K/home/corelab/GitHub/CatchingBlimp/Summer2023/ros2_stereo/src/stereo_combined/src/StereoCombined.cpp:1[m[K:
[01m[K/home/corelab/GitHub/CatchingBlimp/Summer2023/ros2_stereo/src/stereo_combined/include/edge_aware.hpp:44:6:[m[K [01;36m[Knote: [m[Kâ€˜[01m[Kimage_proc::debayerEdgeAwareWeighted[m[Kâ€™ declared here
   44 | void [01;36m[KdebayerEdgeAwareWeighted[m[K(const cv::Mat & bayer, cv::Mat & color);
      |      [01;36m[K^~~~~~~~~~~~~~~~~~~~~~~~[m[K
make[2]: *** [CMakeFiles/stereo_combined_node.dir/build.make:90: CMakeFiles/stereo_combined_node.dir/src/StereoCombined.cpp.o] Error 1
make[1]: *** [CMakeFiles/Makefile2:137: CMakeFiles/stereo_combined_node.dir/all] Error 2
make: *** [Makefile:146: all] Error 2
