[01m[K/home/corelab/ros2_stereo/src/gscam2/src/gscam_node.cpp:29:3:[m[K [01;35m[Kwarning: [m[Kmulti-line comment [[01;35m[K-Wcomment[m[K]
   29 |   [01;35m[K/[m[K/ CXT_MACRO_MEMBER(camera_info_url, std::string, "")        /* Location of camera info file  */ \
      |   [01;35m[K^[m[K
[01m[K/home/corelab/ros2_stereo/src/gscam2/src/gscam_node.cpp:[m[K In member function â€˜[01m[Kvoid gscam2::GSCamNode::impl::process_frame()[m[Kâ€™:
[01m[K/home/corelab/ros2_stereo/src/gscam2/src/gscam_node.cpp:387:5:[m[K [01;31m[Kerror: [m[Kâ€˜[01m[Khdr[m[Kâ€™ was not declared in this scope
  387 |     [01;31m[Khdr[m[K.frame_id = ss.str();
      |     [01;31m[K^~~[m[K
make[2]: *** [CMakeFiles/gscam_node.dir/build.make:76: CMakeFiles/gscam_node.dir/src/gscam_node.cpp.o] Error 1
make[1]: *** [CMakeFiles/Makefile2:163: CMakeFiles/gscam_node.dir/all] Error 2
make: *** [Makefile:146: all] Error 2
