[0.392s] Invoking command in '/home/corelab/CatchingBlimp/Summer2023/ros2_stereo/build/image_proc': CMAKE_PREFIX_PATH=/opt/ros/foxy /usr/bin/cmake --build /home/corelab/CatchingBlimp/Summer2023/ros2_stereo/build/image_proc -- -j8 -l8
[0.419s] [35m[1mScanning dependencies of target image_proc[0m
[0.481s] [  6%] [32mBuilding CXX object CMakeFiles/image_proc.dir/src/image_proc/processor.cpp.o[0m
[1.200s] [ 13%] [32m[1mLinking CXX shared library libimage_proc.so[0m
[1.455s] [ 13%] Built target image_proc
[1.476s] [35m[1mScanning dependencies of target rectify[0m
[1.522s] [ 20%] [32mBuilding CXX object CMakeFiles/rectify.dir/src/rectify.cpp.o[0m
[1.635s] [01m[K/home/corelab/CatchingBlimp/Summer2023/ros2_stereo/src/image_proc/src/rectify.cpp:43:10:[m[K [01;31m[Kfatal error: [m[Ktracetools_image_pipeline/tracetools.h: No such file or directory
[1.635s]    43 | #include [01;31m[K"tracetools_image_pipeline/tracetools.h"[m[K
[1.635s]       |          [01;31m[K^~~~~~~~~~~~~~~~~~~~~~~~~~~~~~~~~~~~~~~~[m[K
[1.635s] compilation terminated.
[1.637s] make[2]: *** [CMakeFiles/rectify.dir/build.make:63: CMakeFiles/rectify.dir/src/rectify.cpp.o] Error 1
[1.637s] make[1]: *** [CMakeFiles/Makefile2:144: CMakeFiles/rectify.dir/all] Error 2
[1.637s] make: *** [Makefile:141: all] Error 2
[1.639s] Invoked command in '/home/corelab/CatchingBlimp/Summer2023/ros2_stereo/build/image_proc' returned '2': CMAKE_PREFIX_PATH=/opt/ros/foxy /usr/bin/cmake --build /home/corelab/CatchingBlimp/Summer2023/ros2_stereo/build/image_proc -- -j8 -l8
