<?xml version="1.0" encoding="UTF-8"?>
<Site BuildName="(empty)"
	BuildStamp="20230726-0608-Experimental"
	Name="corelab-steve"
	Generator="ctest-3.25.0"
	CompilerName="/usr/bin/g++"
	CompilerVersion="9.4.0"
	OSName="Linux"
	Hostname="corelab-steve"
	OSRelease="5.15.0-78-generic"
	OSVersion="#85~20.04.1-Ubuntu SMP Mon Jul 17 09:42:39 UTC 2023"
	OSPlatform="x86_64"
	Is64Bits="1"
	VendorString="GenuineIntel"
	VendorID="Intel Corporation"
	FamilyID="6"
	ModelID="167"
	ProcessorCacheSize="16384"
	NumberOfLogicalCPU="16"
	NumberOfPhysicalCPU="8"
	TotalVirtualMemory="2047"
	TotalPhysicalMemory="128638"
	LogicalProcessorsPerPhysical="2"
	ProcessorClockFrequency="4800"
	>
	<Testing>
		<StartDateTime>Jul 26 02:08 EDT</StartDateTime>
		<StartTestTime>1690351687</StartTestTime>
		<TestList/>
		<EndDateTime>Jul 26 02:08 EDT</EndDateTime>
		<EndTestTime>1690351687</EndTestTime>
		<ElapsedMinutes>0</ElapsedMinutes>
	</Testing>
</Site>
