[0.244s] Invoking command in '/home/corelab/CatchingBlimp/Summer2023/ros2_stereo/build/image_view': CMAKE_PREFIX_PATH=/opt/ros/foxy /usr/bin/cmake --build /home/corelab/CatchingBlimp/Summer2023/ros2_stereo/build/image_view -- -j8 -l8
[0.307s] [ 36%] Built target image_view_nodes
[0.336s] [ 42%] [32m[1mLinking CXX executable video_recorder[0m
[0.338s] [ 47%] [32m[1mLinking CXX executable stereo_view[0m
[0.349s] [ 52%] [32m[1mLinking CXX executable disparity_view[0m
[0.349s] [ 57%] [32m[1mLinking CXX executable extract_images[0m
[0.350s] [ 63%] [32m[1mLinking CXX executable image_view[0m
[0.357s] [ 68%] [32m[1mLinking CXX executable image_saver[0m
[1.979s] /usr/bin/ld: libimage_view_nodes.so: undefined reference to `camera_calibration_parsers::writeCalibration(std::__cxx11::basic_string<char, std::char_traits<char>, std::allocator<char> > const&, std::__cxx11::basic_string<char, std::char_traits<char>, std::allocator<char> > const&, sensor_msgs::msg::CameraInfo_<std::allocator<void> > const&)'
[1.979s] collect2: error: ld returned 1 exit status
[1.980s] make[2]: *** [CMakeFiles/video_recorder.dir/build.make:302: video_recorder] Error 1
[1.981s] make[1]: *** [CMakeFiles/Makefile2:306: CMakeFiles/video_recorder.dir/all] Error 2
[1.981s] make[1]: *** Waiting for unfinished jobs....
[1.995s] /usr/bin/ld: libimage_view_nodes.so: undefined reference to `camera_calibration_parsers::writeCalibration(std::__cxx11::basic_string<char, std::char_traits<char>, std::allocator<char> > const&, std::__cxx11::basic_string<char, std::char_traits<char>, std::allocator<char> > const&, sensor_msgs::msg::CameraInfo_<std::allocator<void> > const&)'
[1.995s] collect2: error: ld returned 1 exit status
[1.997s] make[2]: *** [CMakeFiles/extract_images.dir/build.make:302: extract_images] Error 1
[1.997s] make[1]: *** [CMakeFiles/Makefile2:198: CMakeFiles/extract_images.dir/all] Error 2
[2.024s] /usr/bin/ld: libimage_view_nodes.so: undefined reference to `camera_calibration_parsers::writeCalibration(std::__cxx11::basic_string<char, std::char_traits<char>, std::allocator<char> > const&, std::__cxx11::basic_string<char, std::char_traits<char>, std::allocator<char> > const&, sensor_msgs::msg::CameraInfo_<std::allocator<void> > const&)'
[2.024s] collect2: error: ld returned 1 exit status
[2.025s] make[2]: *** [CMakeFiles/image_saver.dir/build.make:302: image_saver] Error 1
[2.025s] make[1]: *** [CMakeFiles/Makefile2:252: CMakeFiles/image_saver.dir/all] Error 2
[2.042s] /usr/bin/ld: libimage_view_nodes.so: undefined reference to `camera_calibration_parsers::writeCalibration(std::__cxx11::basic_string<char, std::char_traits<char>, std::allocator<char> > const&, std::__cxx11::basic_string<char, std::char_traits<char>, std::allocator<char> > const&, sensor_msgs::msg::CameraInfo_<std::allocator<void> > const&)'
[2.042s] collect2: error: ld returned 1 exit status
[2.043s] make[2]: *** [CMakeFiles/image_view.dir/build.make:302: image_view] Error 1
[2.043s] make[1]: *** [CMakeFiles/Makefile2:171: CMakeFiles/image_view.dir/all] Error 2
[2.074s] /usr/bin/ld: libimage_view_nodes.so: undefined reference to `camera_calibration_parsers::writeCalibration(std::__cxx11::basic_string<char, std::char_traits<char>, std::allocator<char> > const&, std::__cxx11::basic_string<char, std::char_traits<char>, std::allocator<char> > const&, sensor_msgs::msg::CameraInfo_<std::allocator<void> > const&)'
[2.074s] collect2: error: ld returned 1 exit status
[2.074s] make[2]: *** [CMakeFiles/stereo_view.dir/build.make:302: stereo_view] Error 1
[2.074s] /usr/bin/ld: libimage_view_nodes.so: undefined reference to `camera_calibration_parsers::writeCalibration(std::__cxx11::basic_string<char, std::char_traits<char>, std::allocator<char> > const&, std::__cxx11::basic_string<char, std::char_traits<char>, std::allocator<char> > const&, sensor_msgs::msg::CameraInfo_<std::allocator<void> > constmake[1]: *** [CMakeFiles/Makefile2:225: CMakeFiles/stereo_view.dir/all] Error 2
[2.074s] &)'
[2.074s] collect2: error: ld returned 1 exit status
[2.075s] make[2]: *** [CMakeFiles/disparity_view.dir/build.make:302: disparity_view] Error 1
[2.075s] make[1]: *** [CMakeFiles/Makefile2:144: CMakeFiles/disparity_view.dir/all] Error 2
[2.076s] make: *** [Makefile:141: all] Error 2
