In file included from [01m[K/home/corelab/GitHub/CatchingBlimp/Summer2023/ros2_stereo/src/stereo_combined/src/StereoCombined.cpp:1[m[K:
[01m[K/home/corelab/GitHub/CatchingBlimp/Summer2023/ros2_stereo/src/stereo_combined/include/StereoCombined.hpp:105:39:[m[K [01;31m[Kerror: [m[Kredeclaration of â€˜[01m[Kimage_geometry::StereoCameraModel StereoCombined::model_[m[Kâ€™
  105 |     image_geometry::StereoCameraModel [01;31m[Kmodel_[m[K;
      |                                       [01;31m[K^~~~~~[m[K
[01m[K/home/corelab/GitHub/CatchingBlimp/Summer2023/ros2_stereo/src/stereo_combined/include/StereoCombined.hpp:71:40:[m[K [01;36m[Knote: [m[Kprevious declaration â€˜[01m[Kimage_geometry::PinholeCameraModel StereoCombined::model_[m[Kâ€™
   71 |     image_geometry::PinholeCameraModel [01;36m[Kmodel_[m[K;
      |                                        [01;36m[K^~~~~~[m[K
In file included from [01m[K/home/corelab/GitHub/CatchingBlimp/Summer2023/ros2_stereo/src/stereo_combined/src/stereo_combined_node.cpp:3[m[K:
[01m[K/home/corelab/GitHub/CatchingBlimp/Summer2023/ros2_stereo/src/stereo_combined/include/StereoCombined.hpp:105:39:[m[K [01;31m[Kerror: [m[Kredeclaration of â€˜[01m[Kimage_geometry::StereoCameraModel StereoCombined::model_[m[Kâ€™
  105 |     image_geometry::StereoCameraModel [01;31m[Kmodel_[m[K;
      |                                       [01;31m[K^~~~~~[m[K
[01m[K/home/corelab/GitHub/CatchingBlimp/Summer2023/ros2_stereo/src/stereo_combined/include/StereoCombined.hpp:71:40:[m[K [01;36m[Knote: [m[Kprevious declaration â€˜[01m[Kimage_geometry::PinholeCameraModel StereoCombined::model_[m[Kâ€™
   71 |     image_geometry::PinholeCameraModel [01;36m[Kmodel_[m[K;
      |                                        [01;36m[K^~~~~~[m[K
make[2]: *** [CMakeFiles/stereo_combined_node.dir/build.make:76: CMakeFiles/stereo_combined_node.dir/src/stereo_combined_node.cpp.o] Error 1
make[2]: *** Waiting for unfinished jobs....
make[2]: *** [CMakeFiles/stereo_combined_node.dir/build.make:90: CMakeFiles/stereo_combined_node.dir/src/StereoCombined.cpp.o] Error 1
make[1]: *** [CMakeFiles/Makefile2:137: CMakeFiles/stereo_combined_node.dir/all] Error 2
make: *** [Makefile:146: all] Error 2
