[0.036s] Invoking command in '/home/corelab/GitHub/CatchingBlimp/Summer2023/ros2_stereo/build/stereo_combined': CMAKE_PREFIX_PATH=${CMAKE_PREFIX_PATH}:/home/corelab/Luke_ML_Blimp/ros2_tracks_ws/install/track_ros2:/opt/ros/foxy /home/corelab/.local/bin/cmake --build /home/corelab/GitHub/CatchingBlimp/Summer2023/ros2_stereo/build/stereo_combined -- -j16 -l16
[0.098s] [ 20%] [32mBuilding CXX object CMakeFiles/stereo_combined_node.dir/src/stereo_combined_node.cpp.o[0m
[0.098s] [ 40%] [32mBuilding CXX object CMakeFiles/stereo_combined_node.dir/src/StereoCombined.cpp.o[0m
[1.888s] [01m[K/home/corelab/GitHub/CatchingBlimp/Summer2023/ros2_stereo/src/stereo_combined/src/StereoCombined.cpp:[m[K In constructor â€˜[01m[KStereoCombined::StereoCombined()[m[Kâ€™:
[1.888s] [01m[K/home/corelab/GitHub/CatchingBlimp/Summer2023/ros2_stereo/src/stereo_combined/src/StereoCombined.cpp:59:9:[m[K [01;35m[Kwarning: [m[Kunused variable â€˜[01m[Kqueue_size[m[Kâ€™ [[01;35m[K-Wunused-variable[m[K]
[1.888s]    59 |     int [01;35m[Kqueue_size[m[K = this->declare_parameter("queue_size", 7);
[1.888s]       |         [01;35m[K^~~~~~~~~~[m[K
[2.388s] In file included from [01m[K/home/corelab/GitHub/CatchingBlimp/Summer2023/ros2_stereo/src/stereo_combined/src/stereo_combined_node.cpp:3[m[K:
[2.388s] [01m[K/home/corelab/GitHub/CatchingBlimp/Summer2023/ros2_stereo/src/stereo_combined/include/StereoCombined.hpp:141:13:[m[K [01;35m[Kwarning: [m[Kâ€˜[01m[Kvoid add_param_to_map(std::map<std::__cxx11::basic_string<char>, std::pair<double, rcl_interfaces::msg::ParameterDescriptor_<std::allocator<void> > > >&, const string&, const string&, double, double, double, double)[m[Kâ€™ defined but not used [[01;35m[K-Wunused-function[m[K]
[2.388s]   141 | static void [01;35m[Kadd_param_to_map[m[K(
[2.388s]       |             [01;35m[K^~~~~~~~~~~~~~~~[m[K
[2.388s] [01m[K/home/corelab/GitHub/CatchingBlimp/Summer2023/ros2_stereo/src/stereo_combined/include/StereoCombined.hpp:123:13:[m[K [01;35m[Kwarning: [m[Kâ€˜[01m[Kvoid add_param_to_map(std::map<std::__cxx11::basic_string<char>, std::pair<int, rcl_interfaces::msg::ParameterDescriptor_<std::allocator<void> > > >&, const string&, const string&, int, int, int, int)[m[Kâ€™ defined but not used [[01;35m[K-Wunused-function[m[K]
[2.388s]   123 | static void [01;35m[Kadd_param_to_map[m[K(
[2.388s]       |             [01;35m[K^~~~~~~~~~~~~~~~[m[K
[5.060s] [ 60%] [32m[1mLinking CXX executable stereo_combined_node[0m
[5.483s] /usr/bin/ld: warning: libopencv_imgcodecs.so.4.2, needed by /opt/ros/foxy/lib/libcv_bridge.so, may conflict with libopencv_imgcodecs.so.407
[5.483s] /usr/bin/ld: warning: libopencv_imgproc.so.4.2, needed by /opt/ros/foxy/lib/libcv_bridge.so, may conflict with libopencv_imgproc.so.407
[5.483s] /usr/bin/ld: warning: libopencv_core.so.4.2, needed by /opt/ros/foxy/lib/libcv_bridge.so, may conflict with libopencv_core.so.407
[5.483s] /usr/bin/ld: warning: libopencv_calib3d.so.4.2, needed by /opt/ros/foxy/lib/libimage_geometry.so, may conflict with libopencv_calib3d.so.407
[5.483s] /usr/bin/ld: CMakeFiles/stereo_combined_node.dir/src/stereo_processor.cpp.o: in function `StereoProcessor::process(std::shared_ptr<sensor_msgs::msg::Image_<std::allocator<void> > const> const&, std::shared_ptr<sensor_msgs::msg::Image_<std::allocator<void> > const> const&, image_geometry::StereoCameraModel const&, StereoImageSet&, int) const':
[5.483s] stereo_processor.cpp:(.text+0x93): undefined reference to `image_proc::Processor::process(std::shared_ptr<sensor_msgs::msg::Image_<std::allocator<void> > const> const&, image_geometry::PinholeCameraModel const&, image_proc::ImageSet&, int) const'
[5.483s] /usr/bin/ld: stereo_processor.cpp:(.text+0xe0): undefined reference to `image_proc::Processor::process(std::shared_ptr<sensor_msgs::msg::Image_<std::allocator<void> > const> const&, image_geometry::PinholeCameraModel const&, image_proc::ImageSet&, int) const'
[5.490s] collect2: error: ld returned 1 exit status
[5.491s] make[2]: *** [CMakeFiles/stereo_combined_node.dir/build.make:281: stereo_combined_node] Error 1
[5.491s] make[1]: *** [CMakeFiles/Makefile2:137: CMakeFiles/stereo_combined_node.dir/all] Error 2
[5.491s] make: *** [Makefile:146: all] Error 2
[5.495s] Invoked command in '/home/corelab/GitHub/CatchingBlimp/Summer2023/ros2_stereo/build/stereo_combined' returned '2': CMAKE_PREFIX_PATH=${CMAKE_PREFIX_PATH}:/home/corelab/Luke_ML_Blimp/ros2_tracks_ws/install/track_ros2:/opt/ros/foxy /home/corelab/.local/bin/cmake --build /home/corelab/GitHub/CatchingBlimp/Summer2023/ros2_stereo/build/stereo_combined -- -j16 -l16
