In file included from [01m[K/home/corelab/GitHub/CatchingBlimp/Summer2023/ros2_stereo/src/stereo_combined/src/StereoCombined.cpp:1[m[K:
[01m[K/home/corelab/GitHub/CatchingBlimp/Summer2023/ros2_stereo/src/stereo_combined/include/StereoCombined.hpp:67:22:[m[K [01;31m[Kerror: [m[Kâ€˜[01m[KSubscriberFilter[m[Kâ€™ in namespace â€˜[01m[Kimage_transport[m[Kâ€™ does not name a type; did you mean â€˜[01m[KSubscriber[m[Kâ€™?
   67 |     image_transport::[01;31m[KSubscriberFilter[m[K sub_l_image_, sub_r_image_;
      |                      [01;31m[K^~~~~~~~~~~~~~~~[m[K
      |                      [32m[KSubscriber[m[K
[01m[K/home/corelab/GitHub/CatchingBlimp/Summer2023/ros2_stereo/src/stereo_combined/include/StereoCombined.hpp:68:5:[m[K [01;31m[Kerror: [m[Kâ€˜[01m[Kmessage_filters[m[Kâ€™ does not name a type
   68 |     [01;31m[Kmessage_filters[m[K::Subscriber<sensor_msgs::msg::CameraInfo> sub_l_info_, sub_r_info_;
      |     [01;31m[K^~~~~~~~~~~~~~~[m[K
[01m[K/home/corelab/GitHub/CatchingBlimp/Summer2023/ros2_stereo/src/stereo_combined/include/StereoCombined.hpp:69:25:[m[K [01;31m[Kerror: [m[Kâ€˜[01m[Kmessage_filters[m[Kâ€™ does not name a type
   69 |     using ExactPolicy = [01;31m[Kmessage_filters[m[K::sync_policies::ExactTime<
      |                         [01;31m[K^~~~~~~~~~~~~~~[m[K
[01m[K/home/corelab/GitHub/CatchingBlimp/Summer2023/ros2_stereo/src/stereo_combined/include/StereoCombined.hpp:74:31:[m[K [01;31m[Kerror: [m[Kâ€˜[01m[Kmessage_filters[m[Kâ€™ does not name a type
   74 |     using ApproximatePolicy = [01;31m[Kmessage_filters[m[K::sync_policies::ApproximateTime<
      |                               [01;31m[K^~~~~~~~~~~~~~~[m[K
[01m[K/home/corelab/GitHub/CatchingBlimp/Summer2023/ros2_stereo/src/stereo_combined/include/StereoCombined.hpp:79:23:[m[K [01;31m[Kerror: [m[Kâ€˜[01m[Kmessage_filters[m[Kâ€™ does not name a type
   79 |     using ExactSync = [01;31m[Kmessage_filters[m[K::Synchronizer<ExactPolicy>;
      |                       [01;31m[K^~~~~~~~~~~~~~~[m[K
In file included from [01m[K/home/corelab/GitHub/CatchingBlimp/Summer2023/ros2_stereo/src/stereo_combined/src/stereo_combined_node.cpp:3[m[K:
[01m[K/home/corelab/GitHub/CatchingBlimp/Summer2023/ros2_stereo/src/stereo_combined/include/StereoCombined.hpp:67:22:[m[K [01;31m[Kerror: [m[Kâ€˜[01m[KSubscriberFilter[m[Kâ€™ in namespace â€˜[01m[Kimage_transport[m[Kâ€™ does not name a type; did you mean â€˜[01m[KSubscriber[m[Kâ€™?
   67 |     image_transport::[01;31m[KSubscriberFilter[m[K sub_l_image_, sub_r_image_;
      |                      [01;31m[K^~~~~~~~~~~~~~~~[m[K
      |                      [32m[KSubscriber[m[K
[01m[K/home/corelab/GitHub/CatchingBlimp/Summer2023/ros2_stereo/src/stereo_combined/include/StereoCombined.hpp:80:29:[m[K [01;31m[Kerror: [m[Kâ€˜[01m[Kmessage_filters[m[Kâ€™ does not name a type
   80 |     using ApproximateSync = [01;31m[Kmessage_filters[m[K::Synchronizer<ApproximatePolicy>;
      |                             [01;31m[K^~~~~~~~~~~~~~~[m[K
[01m[K/home/corelab/GitHub/CatchingBlimp/Summer2023/ros2_stereo/src/stereo_combined/include/StereoCombined.hpp:68:5:[m[K [01;31m[Kerror: [m[Kâ€˜[01m[Kmessage_filters[m[Kâ€™ does not name a type
   68 |     [01;31m[Kmessage_filters[m[K::Subscriber<sensor_msgs::msg::CameraInfo> sub_l_info_, sub_r_info_;
      |     [01;31m[K^~~~~~~~~~~~~~~[m[K
[01m[K/home/corelab/GitHub/CatchingBlimp/Summer2023/ros2_stereo/src/stereo_combined/include/StereoCombined.hpp:81:21:[m[K [01;31m[Kerror: [m[Kâ€˜[01m[KExactSync[m[Kâ€™ was not declared in this scope
   81 |     std::shared_ptr<[01;31m[KExactSync[m[K> exact_sync_;
      |                     [01;31m[K^~~~~~~~~[m[K
[01m[K/home/corelab/GitHub/CatchingBlimp/Summer2023/ros2_stereo/src/stereo_combined/include/StereoCombined.hpp:81:30:[m[K [01;31m[Kerror: [m[Ktemplate argument 1 is invalid
   81 |     std::shared_ptr<ExactSync[01;31m[K>[m[K exact_sync_;
      |                              [01;31m[K^[m[K
[01m[K/home/corelab/GitHub/CatchingBlimp/Summer2023/ros2_stereo/src/stereo_combined/include/StereoCombined.hpp:69:25:[m[K [01;31m[Kerror: [m[Kâ€˜[01m[Kmessage_filters[m[Kâ€™ does not name a type
   69 |     using ExactPolicy = [01;31m[Kmessage_filters[m[K::sync_policies::ExactTime<
      |                         [01;31m[K^~~~~~~~~~~~~~~[m[K
[01m[K/home/corelab/GitHub/CatchingBlimp/Summer2023/ros2_stereo/src/stereo_combined/include/StereoCombined.hpp:82:21:[m[K [01;31m[Kerror: [m[Kâ€˜[01m[KApproximateSync[m[Kâ€™ was not declared in this scope
   82 |     std::shared_ptr<[01;31m[KApproximateSync[m[K> approximate_sync_;
      |                     [01;31m[K^~~~~~~~~~~~~~~[m[K
[01m[K/home/corelab/GitHub/CatchingBlimp/Summer2023/ros2_stereo/src/stereo_combined/include/StereoCombined.hpp:82:36:[m[K [01;31m[Kerror: [m[Ktemplate argument 1 is invalid
   82 |     std::shared_ptr<ApproximateSync[01;31m[K>[m[K approximate_sync_;
      |                                    [01;31m[K^[m[K
[01m[K/home/corelab/GitHub/CatchingBlimp/Summer2023/ros2_stereo/src/stereo_combined/include/StereoCombined.hpp:74:31:[m[K [01;31m[Kerror: [m[Kâ€˜[01m[Kmessage_filters[m[Kâ€™ does not name a type
   74 |     using ApproximatePolicy = [01;31m[Kmessage_filters[m[K::sync_policies::ApproximateTime<
      |                               [01;31m[K^~~~~~~~~~~~~~~[m[K
[01m[K/home/corelab/GitHub/CatchingBlimp/Summer2023/ros2_stereo/src/stereo_combined/include/StereoCombined.hpp:84:39:[m[K [01;31m[Kerror: [m[Kâ€˜[01m[Kstereo_msgs[m[Kâ€™ was not declared in this scope
   84 |     std::shared_ptr<rclcpp::Publisher<[01;31m[Kstereo_msgs[m[K::msg::DisparityImage>> pub_disparity_;
      |                                       [01;31m[K^~~~~~~~~~~[m[K
[01m[K/home/corelab/GitHub/CatchingBlimp/Summer2023/ros2_stereo/src/stereo_combined/include/StereoCombined.hpp:84:71:[m[K [01;31m[Kerror: [m[Ktemplate argument 1 is invalid
   84 |     std::shared_ptr<rclcpp::Publisher<stereo_msgs::msg::DisparityImage[01;31m[K>>[m[K pub_disparity_;
      |                                                                       [01;31m[K^~[m[K
[01m[K/home/corelab/GitHub/CatchingBlimp/Summer2023/ros2_stereo/src/stereo_combined/include/StereoCombined.hpp:84:74:[m[K [01;31m[Kerror: [m[Ktemplate argument 1 is invalid
   84 |     std::shared_ptr<rclcpp::Publisher<stereo_msgs::msg::DisparityImage>> [01;31m[Kpub_disparity_[m[K;
      |                                                                          [01;31m[K^~~~~~~~~~~~~~[m[K
[01m[K/home/corelab/GitHub/CatchingBlimp/Summer2023/ros2_stereo/src/stereo_combined/include/StereoCombined.hpp:90:21:[m[K [01;31m[Kerror: [m[Kâ€˜[01m[KStereoCameraModel[m[Kâ€™ in namespace â€˜[01m[Kimage_geometry[m[Kâ€™ does not name a type
   90 |     image_geometry::[01;31m[KStereoCameraModel[m[K model_;
      |                     [01;31m[K^~~~~~~~~~~~~~~~~[m[K
[01m[K/home/corelab/GitHub/CatchingBlimp/Summer2023/ros2_stereo/src/stereo_combined/include/StereoCombined.hpp:79:23:[m[K [01;31m[Kerror: [m[Kâ€˜[01m[Kmessage_filters[m[Kâ€™ does not name a type
   79 |     using ExactSync = [01;31m[Kmessage_filters[m[K::Synchronizer<ExactPolicy>;
      |                       [01;31m[K^~~~~~~~~~~~~~~[m[K
[01m[K/home/corelab/GitHub/CatchingBlimp/Summer2023/ros2_stereo/src/stereo_combined/include/StereoCombined.hpp:92:5:[m[K [01;31m[Kerror: [m[Kâ€˜[01m[Kstereo_image_proc[m[Kâ€™ does not name a type
   92 |     [01;31m[Kstereo_image_proc[m[K::StereoProcessor block_matcher_;
      |     [01;31m[K^~~~~~~~~~~~~~~~~[m[K
[01m[K/home/corelab/GitHub/CatchingBlimp/Summer2023/ros2_stereo/src/stereo_combined/include/StereoCombined.hpp:80:29:[m[K [01;31m[Kerror: [m[Kâ€˜[01m[Kmessage_filters[m[Kâ€™ does not name a type
   80 |     using ApproximateSync = [01;31m[Kmessage_filters[m[K::Synchronizer<ApproximatePolicy>;
      |                             [01;31m[K^~~~~~~~~~~~~~~[m[K
[01m[K/home/corelab/GitHub/CatchingBlimp/Summer2023/ros2_stereo/src/stereo_combined/include/StereoCombined.hpp:81:21:[m[K [01;31m[Kerror: [m[Kâ€˜[01m[KExactSync[m[Kâ€™ was not declared in this scope
   81 |     std::shared_ptr<[01;31m[KExactSync[m[K> exact_sync_;
      |                     [01;31m[K^~~~~~~~~[m[K
[01m[K/home/corelab/GitHub/CatchingBlimp/Summer2023/ros2_stereo/src/stereo_combined/include/StereoCombined.hpp:81:30:[m[K [01;31m[Kerror: [m[Ktemplate argument 1 is invalid
   81 |     std::shared_ptr<ExactSync[01;31m[K>[m[K exact_sync_;
      |                              [01;31m[K^[m[K
[01m[K/home/corelab/GitHub/CatchingBlimp/Summer2023/ros2_stereo/src/stereo_combined/include/StereoCombined.hpp:82:21:[m[K [01;31m[Kerror: [m[Kâ€˜[01m[KApproximateSync[m[Kâ€™ was not declared in this scope
   82 |     std::shared_ptr<[01;31m[KApproximateSync[m[K> approximate_sync_;
      |                     [01;31m[K^~~~~~~~~~~~~~~[m[K
[01m[K/home/corelab/GitHub/CatchingBlimp/Summer2023/ros2_stereo/src/stereo_combined/include/StereoCombined.hpp:82:36:[m[K [01;31m[Kerror: [m[Ktemplate argument 1 is invalid
   82 |     std::shared_ptr<ApproximateSync[01;31m[K>[m[K approximate_sync_;
      |                                    [01;31m[K^[m[K
[01m[K/home/corelab/GitHub/CatchingBlimp/Summer2023/ros2_stereo/src/stereo_combined/include/StereoCombined.hpp:84:39:[m[K [01;31m[Kerror: [m[Kâ€˜[01m[Kstereo_msgs[m[Kâ€™ was not declared in this scope
   84 |     std::shared_ptr<rclcpp::Publisher<[01;31m[Kstereo_msgs[m[K::msg::DisparityImage>> pub_disparity_;
      |                                       [01;31m[K^~~~~~~~~~~[m[K
[01m[K/home/corelab/GitHub/CatchingBlimp/Summer2023/ros2_stereo/src/stereo_combined/include/StereoCombined.hpp:84:71:[m[K [01;31m[Kerror: [m[Ktemplate argument 1 is invalid
   84 |     std::shared_ptr<rclcpp::Publisher<stereo_msgs::msg::DisparityImage[01;31m[K>>[m[K pub_disparity_;
      |                                                                       [01;31m[K^~[m[K
[01m[K/home/corelab/GitHub/CatchingBlimp/Summer2023/ros2_stereo/src/stereo_combined/include/StereoCombined.hpp:84:74:[m[K [01;31m[Kerror: [m[Ktemplate argument 1 is invalid
   84 |     std::shared_ptr<rclcpp::Publisher<stereo_msgs::msg::DisparityImage>> [01;31m[Kpub_disparity_[m[K;
      |                                                                          [01;31m[K^~~~~~~~~~~~~~[m[K
[01m[K/home/corelab/GitHub/CatchingBlimp/Summer2023/ros2_stereo/src/stereo_combined/include/StereoCombined.hpp:90:21:[m[K [01;31m[Kerror: [m[Kâ€˜[01m[KStereoCameraModel[m[Kâ€™ in namespace â€˜[01m[Kimage_geometry[m[Kâ€™ does not name a type
   90 |     image_geometry::[01;31m[KStereoCameraModel[m[K model_;
      |                     [01;31m[K^~~~~~~~~~~~~~~~~[m[K
[01m[K/home/corelab/GitHub/CatchingBlimp/Summer2023/ros2_stereo/src/stereo_combined/include/StereoCombined.hpp:92:5:[m[K [01;31m[Kerror: [m[Kâ€˜[01m[Kstereo_image_proc[m[Kâ€™ does not name a type
   92 |     [01;31m[Kstereo_image_proc[m[K::StereoProcessor block_matcher_;
      |     [01;31m[K^~~~~~~~~~~~~~~~~[m[K
make[2]: *** [CMakeFiles/stereo_combined_node.dir/build.make:76: CMakeFiles/stereo_combined_node.dir/src/stereo_combined_node.cpp.o] Error 1
make[2]: *** Waiting for unfinished jobs....
make[2]: *** [CMakeFiles/stereo_combined_node.dir/build.make:90: CMakeFiles/stereo_combined_node.dir/src/StereoCombined.cpp.o] Error 1
make[1]: *** [CMakeFiles/Makefile2:137: CMakeFiles/stereo_combined_node.dir/all] Error 2
make: *** [Makefile:146: all] Error 2
