[0.030s] Invoking command in '/home/corelab/GitHub/CatchingBlimp/Summer2023/ros2_stereo/build/stereo_combined': CMAKE_PREFIX_PATH=${CMAKE_PREFIX_PATH}:/home/corelab/Luke_ML_Blimp/ros2_tracks_ws/install/track_ros2:/opt/ros/foxy /home/corelab/.local/bin/cmake --build /home/corelab/GitHub/CatchingBlimp/Summer2023/ros2_stereo/build/stereo_combined -- -j16 -l16
[0.086s] [ 25%] [32mBuilding CXX object CMakeFiles/stereo_combined_node.dir/src/stereo_combined_node.cpp.o[0m
[0.086s] [ 50%] [32mBuilding CXX object CMakeFiles/stereo_combined_node.dir/src/StereoCombined.cpp.o[0m
[1.597s] In file included from [01m[K/home/corelab/GitHub/CatchingBlimp/Summer2023/ros2_stereo/src/stereo_combined/src/StereoCombined.cpp:1[m[K:
[1.597s] [01m[K/home/corelab/GitHub/CatchingBlimp/Summer2023/ros2_stereo/src/stereo_combined/include/StereoCombined.hpp:67:22:[m[K [01;31m[Kerror: [m[Kâ€˜[01m[KSubscriberFilter[m[Kâ€™ in namespace â€˜[01m[Kimage_transport[m[Kâ€™ does not name a type; did you mean â€˜[01m[KSubscriber[m[Kâ€™?
[1.597s]    67 |     image_transport::[01;31m[KSubscriberFilter[m[K sub_l_image_, sub_r_image_;
[1.598s]       |                      [01;31m[K^~~~~~~~~~~~~~~~[m[K
[1.598s]       |                      [32m[KSubscriber[m[K
[1.601s] [01m[K/home/corelab/GitHub/CatchingBlimp/Summer2023/ros2_stereo/src/stereo_combined/include/StereoCombined.hpp:68:5:[m[K [01;31m[Kerror: [m[Kâ€˜[01m[Kmessage_filters[m[Kâ€™ does not name a type
[1.601s]    68 |     [01;31m[Kmessage_filters[m[K::Subscriber<sensor_msgs::msg::CameraInfo> sub_l_info_, sub_r_info_;
[1.601s]       |     [01;31m[K^~~~~~~~~~~~~~~[m[K
[1.604s] [01m[K/home/corelab/GitHub/CatchingBlimp/Summer2023/ros2_stereo/src/stereo_combined/include/StereoCombined.hpp:69:25:[m[K [01;31m[Kerror: [m[Kâ€˜[01m[Kmessage_filters[m[Kâ€™ does not name a type
[1.605s]    69 |     using ExactPolicy = [01;31m[Kmessage_filters[m[K::sync_policies::ExactTime<
[1.605s]       |                         [01;31m[K^~~~~~~~~~~~~~~[m[K
[1.608s] [01m[K/home/corelab/GitHub/CatchingBlimp/Summer2023/ros2_stereo/src/stereo_combined/include/StereoCombined.hpp:74:31:[m[K [01;31m[Kerror: [m[Kâ€˜[01m[Kmessage_filters[m[Kâ€™ does not name a type
[1.608s]    74 |     using ApproximatePolicy = [01;31m[Kmessage_filters[m[K::sync_policies::ApproximateTime<
[1.608s]       |                               [01;31m[K^~~~~~~~~~~~~~~[m[K
[1.611s] [01m[K/home/corelab/GitHub/CatchingBlimp/Summer2023/ros2_stereo/src/stereo_combined/include/StereoCombined.hpp:79:23:[m[K [01;31m[Kerror: [m[Kâ€˜[01m[Kmessage_filters[m[Kâ€™ does not name a type
[1.611s]    79 |     using ExactSync = [01;31m[Kmessage_filters[m[K::Synchronizer<ExactPolicy>;
[1.611s]       |                       [01;31m[K^~~~~~~~~~~~~~~[m[K
[1.612s] In file included from [01m[K/home/corelab/GitHub/CatchingBlimp/Summer2023/ros2_stereo/src/stereo_combined/src/stereo_combined_node.cpp:3[m[K:
[1.612s] [01m[K/home/corelab/GitHub/CatchingBlimp/Summer2023/ros2_stereo/src/stereo_combined/include/StereoCombined.hpp:67:22:[m[K [01;31m[Kerror: [m[Kâ€˜[01m[KSubscriberFilter[m[Kâ€™ in namespace â€˜[01m[Kimage_transport[m[Kâ€™ does not name a type; did you mean â€˜[01m[KSubscriber[m[Kâ€™?
[1.612s]    67 |     image_transport::[01;31m[KSubscriberFilter[m[K sub_l_image_, sub_r_image_;
[1.613s]       |                      [01;31m[K^~~~~~~~~~~~~~~~[m[K
[1.613s]       |                      [32m[KSubscriber[m[K
[1.615s] [01m[K/home/corelab/GitHub/CatchingBlimp/Summer2023/ros2_stereo/src/stereo_combined/include/StereoCombined.hpp:80:29:[m[K [01;31m[Kerror: [m[Kâ€˜[01m[Kmessage_filters[m[Kâ€™ does not name a type
[1.615s]    80 |     using ApproximateSync = [01;31m[Kmessage_filters[m[K::Synchronizer<ApproximatePolicy>;
[1.615s]       |                             [01;31m[K^~~~~~~~~~~~~~~[m[K
[1.616s] [01m[K/home/corelab/GitHub/CatchingBlimp/Summer2023/ros2_stereo/src/stereo_combined/include/StereoCombined.hpp:68:5:[m[K [01;31m[Kerror: [m[Kâ€˜[01m[Kmessage_filters[m[Kâ€™ does not name a type
[1.616s]    68 |     [01;31m[Kmessage_filters[m[K::Subscriber<sensor_msgs::msg::CameraInfo> sub_l_info_, sub_r_info_;
[1.616s]       |     [01;31m[K^~~~~~~~~~~~~~~[m[K
[1.617s] [01m[K/home/corelab/GitHub/CatchingBlimp/Summer2023/ros2_stereo/src/stereo_combined/include/StereoCombined.hpp:81:21:[m[K [01;31m[Kerror: [m[Kâ€˜[01m[KExactSync[m[Kâ€™ was not declared in this scope
[1.617s]    81 |     std::shared_ptr<[01;31m[KExactSync[m[K> exact_sync_;
[1.617s]       |                     [01;31m[K^~~~~~~~~[m[K
[1.617s] [01m[K/home/corelab/GitHub/CatchingBlimp/Summer2023/ros2_stereo/src/stereo_combined/include/StereoCombined.hpp:81:30:[m[K [01;31m[Kerror: [m[Ktemplate argument 1 is invalid
[1.617s]    81 |     std::shared_ptr<ExactSync[01;31m[K>[m[K exact_sync_;
[1.618s]       |                              [01;31m[K^[m[K
[1.620s] [01m[K/home/corelab/GitHub/CatchingBlimp/Summer2023/ros2_stereo/src/stereo_combined/include/StereoCombined.hpp:69:25:[m[K [01;31m[Kerror: [m[Kâ€˜[01m[Kmessage_filters[m[Kâ€™ does not name a type
[1.620s]    69 |     using ExactPolicy = [01;31m[Kmessage_filters[m[K::sync_policies::ExactTime<
[1.620s]       |                         [01;31m[K^~~~~~~~~~~~~~~[m[K
[1.621s] [01m[K/home/corelab/GitHub/CatchingBlimp/Summer2023/ros2_stereo/src/stereo_combined/include/StereoCombined.hpp:82:21:[m[K [01;31m[Kerror: [m[Kâ€˜[01m[KApproximateSync[m[Kâ€™ was not declared in this scope
[1.621s]    82 |     std::shared_ptr<[01;31m[KApproximateSync[m[K> approximate_sync_;
[1.621s]       |                     [01;31m[K^~~~~~~~~~~~~~~[m[K
[1.621s] [01m[K/home/corelab/GitHub/CatchingBlimp/Summer2023/ros2_stereo/src/stereo_combined/include/StereoCombined.hpp:82:36:[m[K [01;31m[Kerror: [m[Ktemplate argument 1 is invalid
[1.621s]    82 |     std::shared_ptr<ApproximateSync[01;31m[K>[m[K approximate_sync_;
[1.621s]       |                                    [01;31m[K^[m[K
[1.623s] [01m[K/home/corelab/GitHub/CatchingBlimp/Summer2023/ros2_stereo/src/stereo_combined/include/StereoCombined.hpp:74:31:[m[K [01;31m[Kerror: [m[Kâ€˜[01m[Kmessage_filters[m[Kâ€™ does not name a type
[1.623s]    74 |     using ApproximatePolicy = [01;31m[Kmessage_filters[m[K::sync_policies::ApproximateTime<
[1.623s]       |                               [01;31m[K^~~~~~~~~~~~~~~[m[K
[1.624s] [01m[K/home/corelab/GitHub/CatchingBlimp/Summer2023/ros2_stereo/src/stereo_combined/include/StereoCombined.hpp:84:39:[m[K [01;31m[Kerror: [m[Kâ€˜[01m[Kstereo_msgs[m[Kâ€™ was not declared in this scope
[1.624s]    84 |     std::shared_ptr<rclcpp::Publisher<[01;31m[Kstereo_msgs[m[K::msg::DisparityImage>> pub_disparity_;
[1.624s]       |                                       [01;31m[K^~~~~~~~~~~[m[K
[1.624s] [01m[K/home/corelab/GitHub/CatchingBlimp/Summer2023/ros2_stereo/src/stereo_combined/include/StereoCombined.hpp:84:71:[m[K [01;31m[Kerror: [m[Ktemplate argument 1 is invalid
[1.624s]    84 |     std::shared_ptr<rclcpp::Publisher<stereo_msgs::msg::DisparityImage[01;31m[K>>[m[K pub_disparity_;
[1.624s]       |                                                                       [01;31m[K^~[m[K
[1.624s] [01m[K/home/corelab/GitHub/CatchingBlimp/Summer2023/ros2_stereo/src/stereo_combined/include/StereoCombined.hpp:84:74:[m[K [01;31m[Kerror: [m[Ktemplate argument 1 is invalid
[1.624s]    84 |     std::shared_ptr<rclcpp::Publisher<stereo_msgs::msg::DisparityImage>> [01;31m[Kpub_disparity_[m[K;
[1.624s]       |                                                                          [01;31m[K^~~~~~~~~~~~~~[m[K
[1.624s] [01m[K/home/corelab/GitHub/CatchingBlimp/Summer2023/ros2_stereo/src/stereo_combined/include/StereoCombined.hpp:90:21:[m[K [01;31m[Kerror: [m[Kâ€˜[01m[KStereoCameraModel[m[Kâ€™ in namespace â€˜[01m[Kimage_geometry[m[Kâ€™ does not name a type
[1.624s]    90 |     image_geometry::[01;31m[KStereoCameraModel[m[K model_;
[1.624s]       |                     [01;31m[K^~~~~~~~~~~~~~~~~[m[K
[1.627s] [01m[K/home/corelab/GitHub/CatchingBlimp/Summer2023/ros2_stereo/src/stereo_combined/include/StereoCombined.hpp:79:23:[m[K [01;31m[Kerror: [m[Kâ€˜[01m[Kmessage_filters[m[Kâ€™ does not name a type
[1.627s]    79 |     using ExactSync = [01;31m[Kmessage_filters[m[K::Synchronizer<ExactPolicy>;
[1.627s]       |                       [01;31m[K^~~~~~~~~~~~~~~[m[K
[1.628s] [01m[K/home/corelab/GitHub/CatchingBlimp/Summer2023/ros2_stereo/src/stereo_combined/include/StereoCombined.hpp:92:5:[m[K [01;31m[Kerror: [m[Kâ€˜[01m[Kstereo_image_proc[m[Kâ€™ does not name a type
[1.628s]    92 |     [01;31m[Kstereo_image_proc[m[K::StereoProcessor block_matcher_;
[1.628s]       |     [01;31m[K^~~~~~~~~~~~~~~~~[m[K
[1.630s] [01m[K/home/corelab/GitHub/CatchingBlimp/Summer2023/ros2_stereo/src/stereo_combined/include/StereoCombined.hpp:80:29:[m[K [01;31m[Kerror: [m[Kâ€˜[01m[Kmessage_filters[m[Kâ€™ does not name a type
[1.630s]    80 |     using ApproximateSync = [01;31m[Kmessage_filters[m[K::Synchronizer<ApproximatePolicy>;
[1.630s]       |                             [01;31m[K^~~~~~~~~~~~~~~[m[K
[1.633s] [01m[K/home/corelab/GitHub/CatchingBlimp/Summer2023/ros2_stereo/src/stereo_combined/include/StereoCombined.hpp:81:21:[m[K [01;31m[Kerror: [m[Kâ€˜[01m[KExactSync[m[Kâ€™ was not declared in this scope
[1.633s]    81 |     std::shared_ptr<[01;31m[KExactSync[m[K> exact_sync_;
[1.633s]       |                     [01;31m[K^~~~~~~~~[m[K
[1.633s] [01m[K/home/corelab/GitHub/CatchingBlimp/Summer2023/ros2_stereo/src/stereo_combined/include/StereoCombined.hpp:81:30:[m[K [01;31m[Kerror: [m[Ktemplate argument 1 is invalid
[1.633s]    81 |     std::shared_ptr<ExactSync[01;31m[K>[m[K exact_sync_;
[1.633s]       |                              [01;31m[K^[m[K
[1.636s] [01m[K/home/corelab/GitHub/CatchingBlimp/Summer2023/ros2_stereo/src/stereo_combined/include/StereoCombined.hpp:82:21:[m[K [01;31m[Kerror: [m[Kâ€˜[01m[KApproximateSync[m[Kâ€™ was not declared in this scope
[1.636s]    82 |     std::shared_ptr<[01;31m[KApproximateSync[m[K> approximate_sync_;
[1.636s]       |                     [01;31m[K^~~~~~~~~~~~~~~[m[K
[1.637s] [01m[K/home/corelab/GitHub/CatchingBlimp/Summer2023/ros2_stereo/src/stereo_combined/include/StereoCombined.hpp:82:36:[m[K [01;31m[Kerror: [m[Ktemplate argument 1 is invalid
[1.637s]    82 |     std::shared_ptr<ApproximateSync[01;31m[K>[m[K approximate_sync_;
[1.637s]       |                                    [01;31m[K^[m[K
[1.639s] [01m[K/home/corelab/GitHub/CatchingBlimp/Summer2023/ros2_stereo/src/stereo_combined/include/StereoCombined.hpp:84:39:[m[K [01;31m[Kerror: [m[Kâ€˜[01m[Kstereo_msgs[m[Kâ€™ was not declared in this scope
[1.639s]    84 |     std::shared_ptr<rclcpp::Publisher<[01;31m[Kstereo_msgs[m[K::msg::DisparityImage>> pub_disparity_;
[1.639s]       |                                       [01;31m[K^~~~~~~~~~~[m[K
[1.639s] [01m[K/home/corelab/GitHub/CatchingBlimp/Summer2023/ros2_stereo/src/stereo_combined/include/StereoCombined.hpp:84:71:[m[K [01;31m[Kerror: [m[Ktemplate argument 1 is invalid
[1.639s]    84 |     std::shared_ptr<rclcpp::Publisher<stereo_msgs::msg::DisparityImage[01;31m[K>>[m[K pub_disparity_;
[1.639s]       |                                                                       [01;31m[K^~[m[K
[1.639s] [01m[K/home/corelab/GitHub/CatchingBlimp/Summer2023/ros2_stereo/src/stereo_combined/include/StereoCombined.hpp:84:74:[m[K [01;31m[Kerror: [m[Ktemplate argument 1 is invalid
[1.639s]    84 |     std::shared_ptr<rclcpp::Publisher<stereo_msgs::msg::DisparityImage>> [01;31m[Kpub_disparity_[m[K;
[1.639s]       |                                                                          [01;31m[K^~~~~~~~~~~~~~[m[K
[1.639s] [01m[K/home/corelab/GitHub/CatchingBlimp/Summer2023/ros2_stereo/src/stereo_combined/include/StereoCombined.hpp:90:21:[m[K [01;31m[Kerror: [m[Kâ€˜[01m[KStereoCameraModel[m[Kâ€™ in namespace â€˜[01m[Kimage_geometry[m[Kâ€™ does not name a type
[1.639s]    90 |     image_geometry::[01;31m[KStereoCameraModel[m[K model_;
[1.639s]       |                     [01;31m[K^~~~~~~~~~~~~~~~~[m[K
[1.643s] [01m[K/home/corelab/GitHub/CatchingBlimp/Summer2023/ros2_stereo/src/stereo_combined/include/StereoCombined.hpp:92:5:[m[K [01;31m[Kerror: [m[Kâ€˜[01m[Kstereo_image_proc[m[Kâ€™ does not name a type
[1.643s]    92 |     [01;31m[Kstereo_image_proc[m[K::StereoProcessor block_matcher_;
[1.643s]       |     [01;31m[K^~~~~~~~~~~~~~~~~[m[K
[2.086s] make[2]: *** [CMakeFiles/stereo_combined_node.dir/build.make:76: CMakeFiles/stereo_combined_node.dir/src/stereo_combined_node.cpp.o] Error 1
[2.086s] make[2]: *** Waiting for unfinished jobs....
[2.928s] make[2]: *** [CMakeFiles/stereo_combined_node.dir/build.make:90: CMakeFiles/stereo_combined_node.dir/src/StereoCombined.cpp.o] Error 1
[2.929s] make[1]: *** [CMakeFiles/Makefile2:137: CMakeFiles/stereo_combined_node.dir/all] Error 2
[2.929s] make: *** [Makefile:146: all] Error 2
[2.932s] Invoked command in '/home/corelab/GitHub/CatchingBlimp/Summer2023/ros2_stereo/build/stereo_combined' returned '2': CMAKE_PREFIX_PATH=${CMAKE_PREFIX_PATH}:/home/corelab/Luke_ML_Blimp/ros2_tracks_ws/install/track_ros2:/opt/ros/foxy /home/corelab/.local/bin/cmake --build /home/corelab/GitHub/CatchingBlimp/Summer2023/ros2_stereo/build/stereo_combined -- -j16 -l16
