[01m[K/home/corelab/GitHub/CatchingBlimp/Summer2023/ros2_stereo/src/stereo_combined/src/StereoCombined.cpp:[m[K In member function â€˜[01m[Kvoid StereoCombined::syncImageCallback(sensor_msgs::msg::Image_<std::allocator<void> >::SharedPtr)[m[Kâ€™:
[01m[K/home/corelab/GitHub/CatchingBlimp/Summer2023/ros2_stereo/src/stereo_combined/src/StereoCombined.cpp:250:41:[m[K [01;31m[Kerror: [m[Kâ€˜[01m[Kimage_raw_right[m[Kâ€™ was not declared in this scope; did you mean â€˜[01m[Kimage_raw_left[m[Kâ€™?
  250 |     int bit_depth_right = enc::bitDepth([01;31m[Kimage_raw_right[m[K.encoding);
      |                                         [01;31m[K^~~~~~~~~~~~~~~[m[K
      |                                         [32m[Kimage_raw_left[m[K
make[2]: *** [CMakeFiles/stereo_combined_node.dir/build.make:90: CMakeFiles/stereo_combined_node.dir/src/StereoCombined.cpp.o] Error 1
make[1]: *** [CMakeFiles/Makefile2:137: CMakeFiles/stereo_combined_node.dir/all] Error 2
make: *** [Makefile:146: all] Error 2
