[0.208s] Invoking command in '/home/corelab/CatchingBlimp/Summer2023/ros2_stereo/build/image_view': CMAKE_PREFIX_PATH=/opt/ros/foxy /usr/bin/cmake --build /home/corelab/CatchingBlimp/Summer2023/ros2_stereo/build/image_view -- -j8 -l8
[0.273s] [ 36%] Built target image_view_nodes
[0.318s] [ 42%] [32m[1mLinking CXX executable extract_images[0m
[0.329s] [ 47%] [32m[1mLinking CXX executable disparity_view[0m
[0.329s] [ 52%] [32m[1mLinking CXX executable image_saver[0m
[0.332s] [ 57%] [32m[1mLinking CXX executable stereo_view[0m
[0.344s] [ 63%] [32m[1mLinking CXX executable image_view[0m
[0.346s] [ 68%] [32m[1mLinking CXX executable video_recorder[0m
[2.035s] /usr/bin/ld: libimage_view_nodes.so: undefined reference to `camera_calibration_parsers::writeCalibration(std::__cxx11::basic_string<char, std::char_traits<char>, std::allocator<char> > const&, std::__cxx11::basic_string<char, std::char_traits<char>, std::allocator<char> > const&, sensor_msgs::msg::CameraInfo_<std::allocator<void> > const&)'
[2.035s] collect2: error: ld returned 1 exit status
[2.038s] make[2]: *** [CMakeFiles/disparity_view.dir/build.make:302: disparity_view] Error 1
[2.038s] make[1]: *** [CMakeFiles/Makefile2:144: CMakeFiles/disparity_view.dir/all] Error 2
[2.038s] make[1]: *** Waiting for unfinished jobs....
[2.192s] /usr/bin/ld: libimage_view_nodes.so: undefined reference to `camera_calibration_parsers::writeCalibration(std::__cxx11::basic_string<char, std::char_traits<char>, std::allocator<char> > const&, std::__cxx11::basic_string<char, std::char_traits<char>, std::allocator<char> > const&, sensor_msgs::msg::CameraInfo_<std::allocator<void> > const&)'
[2.193s] collect2: error: ld returned 1 exit status
[2.194s] make[2]: *** [CMakeFiles/image_view.dir/build.make:302: image_view] Error 1
[2.194s] make[1]: *** [CMakeFiles/Makefile2:171: CMakeFiles/image_view.dir/all] Error 2
[2.195s] /usr/bin/ld: libimage_view_nodes.so: undefined reference to `camera_calibration_parsers::writeCalibration(std::__cxx11::basic_string<char, std::char_traits<char>, std::allocator<char> > const&, std::__cxx11::basic_string<char, std::char_traits<char>, std::allocator<char> > const&, sensor_msgs::msg::CameraInfo_<std::allocator<void> > const&)'
[2.195s] collect2: error: ld returned 1 exit status
[2.197s] make[2]: *** [CMakeFiles/image_saver.dir/build.make:302: image_saver] Error 1
[2.197s] make[1]: *** [CMakeFiles/Makefile2:252: CMakeFiles/image_saver.dir/all] Error 2
[2.366s] /usr/bin/ld: libimage_view_nodes.so: undefined reference to `camera_calibration_parsers::writeCalibration(std::__cxx11::basic_string<char, std::char_traits<char>, std::allocator<char> > const&, std::__cxx11::basic_string<char, std::char_traits<char>, std::allocator<char> > const&, sensor_msgs::msg::CameraInfo_<std::allocator<void> > const&)'
[2.366s] collect2: error: ld returned 1 exit status
[2.367s] make[2]: *** [CMakeFiles/video_recorder.dir/build.make:302: video_recorder] Error 1
[2.367s] make[1]: *** [CMakeFiles/Makefile2:306: CMakeFiles/video_recorder.dir/all] Error 2
[2.408s] /usr/bin/ld: libimage_view_nodes.so: undefined reference to `camera_calibration_parsers::writeCalibration(std::__cxx11::basic_string<char, std::char_traits<char>, std::allocator<char> > const&, std::__cxx11::basic_string<char, std::char_traits<char>, std::allocator<char> > const&, sensor_msgs::msg::CameraInfo_<std::allocator<void> > const&)'
[2.408s] collect2: error: ld returned 1 exit status
[2.409s] make[2]: *** [CMakeFiles/stereo_view.dir/build.make:302: stereo_view] Error 1
[2.409s] make[1]: *** [CMakeFiles/Makefile2:225: CMakeFiles/stereo_view.dir/all] Error 2
[2.425s] /usr/bin/ld: libimage_view_nodes.so: undefined reference to `camera_calibration_parsers::writeCalibration(std::__cxx11::basic_string<char, std::char_traits<char>, std::allocator<char> > const&, std::__cxx11::basic_string<char, std::char_traits<char>, std::allocator<char> > const&, sensor_msgs::msg::CameraInfo_<std::allocator<void> > const&)'
[2.426s] collect2: error: ld returned 1 exit status
[2.427s] make[2]: *** [CMakeFiles/extract_images.dir/build.make:302: extract_images] Error 1
[2.427s] make[1]: *** [CMakeFiles/Makefile2:198: CMakeFiles/extract_images.dir/all] Error 2
[2.427s] make: *** [Makefile:141: all] Error 2
[2.521s] Invoked command in '/home/corelab/CatchingBlimp/Summer2023/ros2_stereo/build/image_view' returned '2': CMAKE_PREFIX_PATH=/opt/ros/foxy /usr/bin/cmake --build /home/corelab/CatchingBlimp/Summer2023/ros2_stereo/build/image_view -- -j8 -l8
