[ 36%] Built target image_view_nodes
[ 73%] Built target image_view
[ 73%] Built target video_recorder
[ 73%] Built target stereo_view
[ 78%] Built target image_saver
[ 89%] Built target extract_images
[ 94%] [32mBuilding CXX object CMakeFiles/disparity_view.dir/src/disparity_view.cpp.o[0m
[01m[K/home/corelab/ros2_stereo/src/image_view/src/disparity_view.cpp:[m[K In function â€˜[01m[Kint main(int, char**)[m[Kâ€™:
[01m[K/home/corelab/ros2_stereo/src/image_view/src/disparity_view.cpp:64:3:[m[K [01;31m[Kerror: [m[Kâ€˜[01m[KstartWindowThread[m[Kâ€™ was not declared in this scope; did you mean â€˜[01m[Kcv::startWindowThread[m[Kâ€™?
   64 |   [01;31m[KstartWindowThread[m[K();
      |   [01;31m[K^~~~~~~~~~~~~~~~~[m[K
      |   [32m[Kcv::startWindowThread[m[K
In file included from [01m[K/home/corelab/ros2_stereo/src/image_view/src/disparity_view.cpp:53[m[K:
[01m[K/usr/local/include/opencv4/opencv2/highgui.hpp:334:18:[m[K [01;36m[Knote: [m[Kâ€˜[01m[Kcv::startWindowThread[m[Kâ€™ declared here
  334 | CV_EXPORTS_W int [01;36m[KstartWindowThread[m[K();
      |                  [01;36m[K^~~~~~~~~~~~~~~~~[m[K
make[2]: *** [CMakeFiles/disparity_view.dir/build.make:76: CMakeFiles/disparity_view.dir/src/disparity_view.cpp.o] Error 1
make[1]: *** [CMakeFiles/Makefile2:175: CMakeFiles/disparity_view.dir/all] Error 2
make: *** [Makefile:146: all] Error 2
