[01m[K/home/corelab/GitHub/CatchingBlimp/Summer2023/ros2_stereo/src/stereo_combined/src/StereoCombined.cpp:[m[K In constructor â€˜[01m[KStereoCombined::StereoCombined()[m[Kâ€™:
[01m[K/home/corelab/GitHub/CatchingBlimp/Summer2023/ros2_stereo/src/stereo_combined/src/StereoCombined.cpp:64:5:[m[K [01;31m[Kerror: [m[Kâ€˜[01m[Kon_set_parameters_callback_handle_[m[Kâ€™ was not declared in this scope; did you mean â€˜[01m[KOnSetParametersCallbackHandle[m[Kâ€™?
   64 |     [01;31m[Kon_set_parameters_callback_handle_[m[K = this->add_on_set_parameters_callback(std::bind(&StereoCombined::parameterSetCb, this, _1));
      |     [01;31m[K^~~~~~~~~~~~~~~~~~~~~~~~~~~~~~~~~~[m[K
      |     [32m[KOnSetParametersCallbackHandle[m[K
[01m[K/home/corelab/GitHub/CatchingBlimp/Summer2023/ros2_stereo/src/stereo_combined/src/StereoCombined.cpp:60:9:[m[K [01;35m[Kwarning: [m[Kunused variable â€˜[01m[Kqueue_size[m[Kâ€™ [[01;35m[K-Wunused-variable[m[K]
   60 |     int [01;35m[Kqueue_size[m[K = this->declare_parameter("queue_size", 7);
      |         [01;35m[K^~~~~~~~~~[m[K
In file included from [01m[K/home/corelab/GitHub/CatchingBlimp/Summer2023/ros2_stereo/src/stereo_combined/src/StereoCombined.cpp:1[m[K:
[01m[K/home/corelab/GitHub/CatchingBlimp/Summer2023/ros2_stereo/src/stereo_combined/include/StereoCombined.hpp:[m[K At global scope:
[01m[K/home/corelab/GitHub/CatchingBlimp/Summer2023/ros2_stereo/src/stereo_combined/include/StereoCombined.hpp:139:13:[m[K [01;35m[Kwarning: [m[Kâ€˜[01m[Kvoid add_param_to_map(std::map<std::__cxx11::basic_string<char>, std::pair<double, rcl_interfaces::msg::ParameterDescriptor_<std::allocator<void> > > >&, const string&, const string&, double, double, double, double)[m[Kâ€™ defined but not used [[01;35m[K-Wunused-function[m[K]
  139 | static void [01;35m[Kadd_param_to_map[m[K(
      |             [01;35m[K^~~~~~~~~~~~~~~~[m[K
make[2]: *** [CMakeFiles/stereo_combined_node.dir/build.make:90: CMakeFiles/stereo_combined_node.dir/src/StereoCombined.cpp.o] Error 1
make[1]: *** [CMakeFiles/Makefile2:137: CMakeFiles/stereo_combined_node.dir/all] Error 2
make: *** [Makefile:146: all] Error 2
