[0.241s] Invoking command in '/home/corelab/CatchingBlimp/Summer2023/ros2_stereo/build/image_view': CMAKE_PREFIX_PATH=/opt/ros/foxy /usr/bin/cmake --build /home/corelab/CatchingBlimp/Summer2023/ros2_stereo/build/image_view -- -j8 -l8
[0.320s] [ 36%] Built target image_view_nodes
[0.356s] [ 42%] [32m[1mLinking CXX executable disparity_view[0m
[0.356s] [ 47%] [32m[1mLinking CXX executable image_view[0m
[0.367s] [ 57%] [32m[1mLinking CXX executable stereo_view[0m
[0.367s] [ 57%] [32m[1mLinking CXX executable extract_images[0m
[0.378s] [ 63%] [32m[1mLinking CXX executable image_saver[0m
[0.380s] [ 68%] [32m[1mLinking CXX executable video_recorder[0m
[2.009s] /usr/bin/ld: libimage_view_nodes.so: undefined reference to `camera_calibration_parsers::writeCalibration(std::__cxx11::basic_string<char, std::char_traits<char>, std::allocator<char> > const&, std::__cxx11::basic_string<char, std::char_traits<char>, std::allocator<char> > const&, sensor_msgs::msg::CameraInfo_<std::allocator<void> > const&)'
[2.009s] collect2: error: ld returned 1 exit status
[2.010s] make[2]: *** [CMakeFiles/extract_images.dir/build.make:302: extract_images] Error 1
[2.011s] make[1]: *** [CMakeFiles/Makefile2:198: CMakeFiles/extract_images.dir/all] Error 2
[2.011s] make[1]: *** Waiting for unfinished jobs....
[2.013s] /usr/bin/ld: libimage_view_nodes.so: undefined reference to `camera_calibration_parsers::writeCalibration(std::__cxx11::basic_string<char, std::char_traits<char>, std::allocator<char> > const&, std::__cxx11::basic_string<char, std::char_traits<char>, std::allocator<char> > const&, sensor_msgs::msg::CameraInfo_<std::allocator<void> > const&)'
[2.014s] collect2: error: ld returned 1 exit status
[2.014s] make[2]: *** [CMakeFiles/image_view.dir/build.make:302: image_view] Error 1
[2.014s] make[1]: *** [CMakeFiles/Makefile2:171: CMakeFiles/image_view.dir/all] Error 2
[2.039s] /usr/bin/ld: libimage_view_nodes.so: undefined reference to `camera_calibration_parsers::writeCalibration(std::__cxx11::basic_string<char, std::char_traits<char>, std::allocator<char> > const&, std::__cxx11::basic_string<char, std::char_traits<char>, std::allocator<char> > const&, sensor_msgs::msg::CameraInfo_<std::allocator<void> > const&)'
[2.040s] collect2: error: ld returned 1 exit status
[2.040s] make[2]: *** [CMakeFiles/stereo_view.dir/build.make:302: stereo_view] Error 1
[2.040s] make[1]: *** [CMakeFiles/Makefile2:225: CMakeFiles/stereo_view.dir/all] Error 2
[2.052s] /usr/bin/ld: libimage_view_nodes.so: undefined reference to `camera_calibration_parsers::writeCalibration(std::__cxx11::basic_string<char, std::char_traits<char>, std::allocator<char> > const&, std::__cxx11::basic_string<char, std::char_traits<char>, std::allocator<char> > const&, sensor_msgs::msg::CameraInfo_<std::allocator<void> > const&)'
[2.052s] collect2: error: ld returned 1 exit status
[2.053s] make[2]: *** [CMakeFiles/image_saver.dir/build.make:302: image_saver] Error 1
[2.053s] make[1]: *** [CMakeFiles/Makefile2:252: CMakeFiles/image_saver.dir/all] Error 2
[2.070s] /usr/bin/ld: libimage_view_nodes.so: undefined reference to `camera_calibration_parsers::writeCalibration(std::__cxx11::basic_string<char, std::char_traits<char>, std::allocator<char> > const&, std::__cxx11::basic_string<char, std::char_traits<char>, std::allocator<char> > const&, sensor_msgs::msg::CameraInfo_<std::allocator<void> > const&)'
[2.070s] collect2: error: ld returned 1 exit status
[2.072s] make[2]: *** [CMakeFiles/video_recorder.dir/build.make:302: video_recorder] Error 1
[2.072s] make[1]: *** [CMakeFiles/Makefile2:306: CMakeFiles/video_recorder.dir/all] Error 2
[2.098s] /usr/bin/ld: libimage_view_nodes.so: undefined reference to `camera_calibration_parsers::writeCalibration(std::__cxx11::basic_string<char, std::char_traits<char>, std::allocator<char> > const&, std::__cxx11::basic_string<char, std::char_traits<char>, std::allocator<char> > const&, sensor_msgs::msg::CameraInfo_<std::allocator<void> > const&)'
[2.098s] collect2: error: ld returned 1 exit status
[2.098s] make[2]: *** [CMakeFiles/disparity_view.dir/build.make:302: disparity_view] Error 1
[2.098s] make[1]: *** [CMakeFiles/Makefile2:144: CMakeFiles/disparity_view.dir/all] Error 2
[2.099s] make: *** [Makefile:141: all] Error 2
[2.480s] Invoked command in '/home/corelab/CatchingBlimp/Summer2023/ros2_stereo/build/image_view' returned '2': CMAKE_PREFIX_PATH=/opt/ros/foxy /usr/bin/cmake --build /home/corelab/CatchingBlimp/Summer2023/ros2_stereo/build/image_view -- -j8 -l8
